motion_server: 19:26:47 - Server Created
motion_server: 19:27:29 - Kinematic mode is activated
19:27:29 _controlLoop :INFO- controlLoop started.
motion_server: 19:27:29 - controlLoop started.
19:27:29 startup :INFO- robot started.
motion_server: 19:27:29 - robot started.
19:27:30 setLeftLimbPositionLinear :DEBUG- number of joint positions sent : 6 and duration is 2
motion_server: 19:27:30 - number of joint positions sent : 6 and duration is 2
19:27:30 setRightLimbPositionLinear :DEBUG- number of joint positions sent : 6 and duration is 2
motion_server: 19:27:30 - number of joint positions sent : 6 and duration is 2
19:27:30 setLeftLimbPositionLinear :DEBUG- number of joint positions sent : 6 and duration is 1
motion_server: 19:27:30 - number of joint positions sent : 6 and duration is 1
19:27:31 setLeftLimbPosition :DEBUG- number of joint positions sent : 6
motion_server: 19:27:31 - number of joint positions sent : 6
19:27:32 setRightLimbPosition :DEBUG- number of joint positions sent : 6
motion_server: 19:27:32 - number of joint positions sent : 6
19:28:30 setLeftLimbPositionLinear :DEBUG- number of joint positions sent : 6 and duration is 5
motion_server: 19:28:30 - number of joint positions sent : 6 and duration is 5
19:28:30 setRightLimbPositionLinear :DEBUG- number of joint positions sent : 6 and duration is 5
motion_server: 19:28:30 - number of joint positions sent : 6 and duration is 5
19:28:35 setLeftLimbPosition :DEBUG- number of joint positions sent : 6
motion_server: 19:28:35 - number of joint positions sent : 6
19:28:35 setRightLimbPosition :DEBUG- number of joint positions sent : 6
motion_server: 19:28:35 - number of joint positions sent : 6
19:31:43 setLeftEEInertialTransform :WARNING- IK solve failure: no IK solution found
motion_server: 19:31:43 - IK solve failure: no IK solution found
19:32:08 setLeftEEInertialTransform :INFO- IK solve successful
motion_server: 19:32:08 - IK solve successful
19:32:08 setLeftEEInertialTransform :INFO- No collision
motion_server: 19:32:08 - No collision
19:32:08 setLeftLimbPositionLinear :DEBUG- number of joint positions sent : 6 and duration is 1
motion_server: 19:32:08 - number of joint positions sent : 6 and duration is 1
19:32:10 setLeftLimbPosition :DEBUG- number of joint positions sent : 6
motion_server: 19:32:10 - number of joint positions sent : 6
19:32:25 setLeftEEInertialTransform :INFO- IK solve successful
motion_server: 19:32:25 - IK solve successful
19:32:25 setLeftEEInertialTransform :INFO- No collision
motion_server: 19:32:25 - No collision
19:32:25 setLeftLimbPositionLinear :DEBUG- number of joint positions sent : 6 and duration is 1
motion_server: 19:32:25 - number of joint positions sent : 6 and duration is 1
19:32:26 setLeftLimbPosition :DEBUG- number of joint positions sent : 6
motion_server: 19:32:26 - number of joint positions sent : 6
motion_server: 19:35:37 - Kinematic mode is activated
19:35:37 _controlLoop :INFO- controlLoop started.
motion_server: 19:35:37 - controlLoop started.
19:35:37 startup :INFO- robot started.
motion_server: 19:35:37 - robot started.
19:35:38 setLeftLimbPositionLinear :DEBUG- number of joint positions sent : 6 and duration is 2
motion_server: 19:35:38 - number of joint positions sent : 6 and duration is 2
19:35:38 setRightLimbPositionLinear :DEBUG- number of joint positions sent : 6 and duration is 2
motion_server: 19:35:38 - number of joint positions sent : 6 and duration is 2
19:35:38 setLeftLimbPositionLinear :DEBUG- number of joint positions sent : 6 and duration is 1
motion_server: 19:35:38 - number of joint positions sent : 6 and duration is 1
19:35:39 setLeftLimbPosition :DEBUG- number of joint positions sent : 6
motion_server: 19:35:39 - number of joint positions sent : 6
19:35:40 setRightLimbPosition :DEBUG- number of joint positions sent : 6
motion_server: 19:35:40 - number of joint positions sent : 6
19:36:43 setLeftEEInertialTransform :WARNING- IK solve failure: no IK solution found
motion_server: 19:36:43 - IK solve failure: no IK solution found
19:37:00 setLeftLimbPositionLinear :DEBUG- number of joint positions sent : 6 and duration is 5
motion_server: 19:37:00 - number of joint positions sent : 6 and duration is 5
19:37:00 setRightLimbPositionLinear :DEBUG- number of joint positions sent : 6 and duration is 5
motion_server: 19:37:00 - number of joint positions sent : 6 and duration is 5
19:37:05 setLeftLimbPosition :DEBUG- number of joint positions sent : 6
motion_server: 19:37:05 - number of joint positions sent : 6
19:37:05 setRightLimbPosition :DEBUG- number of joint positions sent : 6
motion_server: 19:37:05 - number of joint positions sent : 6
19:37:35 setLeftEEInertialTransform :WARNING- IK solve failure: no IK solution found
motion_server: 19:37:35 - IK solve failure: no IK solution found
19:38:39 setLeftEEInertialTransform :WARNING- IK solve failure: no IK solution found
motion_server: 19:38:39 - IK solve failure: no IK solution found
19:39:19 setLeftEEInertialTransform :WARNING- IK solve failure: no IK solution found
motion_server: 19:39:19 - IK solve failure: no IK solution found
motion_server: 19:40:42 - Kinematic mode is activated
19:40:43 _controlLoop :INFO- controlLoop started.
19:40:43 startup :INFO- robot started.
motion_server: 19:40:43 - controlLoop started.
motion_server: 19:40:43 - robot started.
19:40:44 setLeftLimbPositionLinear :DEBUG- number of joint positions sent : 6 and duration is 2
motion_server: 19:40:44 - number of joint positions sent : 6 and duration is 2
19:40:44 setRightLimbPositionLinear :DEBUG- number of joint positions sent : 6 and duration is 2
motion_server: 19:40:44 - number of joint positions sent : 6 and duration is 2
19:40:45 setLeftLimbPositionLinear :DEBUG- number of joint positions sent : 6 and duration is 1
motion_server: 19:40:45 - number of joint positions sent : 6 and duration is 1
19:40:46 setLeftLimbPosition :DEBUG- number of joint positions sent : 6
motion_server: 19:40:46 - number of joint positions sent : 6
19:40:46 setRightLimbPosition :DEBUG- number of joint positions sent : 6
motion_server: 19:40:46 - number of joint positions sent : 6
19:41:55 setLeftEEInertialTransform :INFO- IK solve successful
motion_server: 19:41:55 - IK solve successful
19:41:55 setLeftEEInertialTransform :INFO- No collision
motion_server: 19:41:55 - No collision
19:41:55 setLeftLimbPositionLinear :DEBUG- number of joint positions sent : 6 and duration is 1
motion_server: 19:41:55 - number of joint positions sent : 6 and duration is 1
19:41:56 setLeftLimbPosition :DEBUG- number of joint positions sent : 6
motion_server: 19:41:56 - number of joint positions sent : 6
motion_server: 19:43:11 - Kinematic mode is activated
19:43:11 _controlLoop :INFO- controlLoop started.
motion_server: 19:43:11 - controlLoop started.
19:43:11 startup :INFO- robot started.
motion_server: 19:43:11 - robot started.
19:43:13 setLeftLimbPositionLinear :DEBUG- number of joint positions sent : 6 and duration is 2
motion_server: 19:43:13 - number of joint positions sent : 6 and duration is 2
19:43:13 setRightLimbPositionLinear :DEBUG- number of joint positions sent : 6 and duration is 2
motion_server: 19:43:13 - number of joint positions sent : 6 and duration is 2
19:43:15 setLeftLimbPosition :DEBUG- number of joint positions sent : 6
motion_server: 19:43:15 - number of joint positions sent : 6
19:43:15 setRightLimbPosition :DEBUG- number of joint positions sent : 6
motion_server: 19:43:15 - number of joint positions sent : 6
19:43:35 setLeftEEInertialTransform :INFO- IK solve successful
motion_server: 19:43:35 - IK solve successful
19:43:35 setLeftEEInertialTransform :INFO- No collision
motion_server: 19:43:35 - No collision
19:43:35 setLeftLimbPositionLinear :DEBUG- number of joint positions sent : 6 and duration is 1
motion_server: 19:43:35 - number of joint positions sent : 6 and duration is 1
19:43:36 setLeftLimbPosition :DEBUG- number of joint positions sent : 6
motion_server: 19:43:36 - number of joint positions sent : 6
19:44:00 setLeftEEInertialTransform :INFO- IK solve successful
motion_server: 19:44:00 - IK solve successful
19:44:00 setLeftEEInertialTransform :INFO- No collision
motion_server: 19:44:00 - No collision
19:44:00 setLeftLimbPositionLinear :DEBUG- number of joint positions sent : 6 and duration is 1
motion_server: 19:44:00 - number of joint positions sent : 6 and duration is 1
19:44:01 setLeftLimbPosition :DEBUG- number of joint positions sent : 6
motion_server: 19:44:01 - number of joint positions sent : 6
19:54:08 setLeftEEInertialTransform :INFO- IK solve successful
motion_server: 19:54:08 - IK solve successful
19:54:08 setLeftEEInertialTransform :INFO- No collision
motion_server: 19:54:08 - No collision
19:54:08 setLeftLimbPositionLinear :DEBUG- number of joint positions sent : 6 and duration is 1
motion_server: 19:54:08 - number of joint positions sent : 6 and duration is 1
19:54:09 setLeftLimbPosition :DEBUG- number of joint positions sent : 6
motion_server: 19:54:09 - number of joint positions sent : 6
20:05:47 setLeftEEInertialTransform :INFO- IK solve successful
motion_server: 20:05:47 - IK solve successful
20:05:47 setLeftEEInertialTransform :INFO- No collision
motion_server: 20:05:47 - No collision
20:05:47 setLeftLimbPositionLinear :DEBUG- number of joint positions sent : 6 and duration is 1
motion_server: 20:05:47 - number of joint positions sent : 6 and duration is 1
20:05:48 setLeftLimbPosition :DEBUG- number of joint positions sent : 6
motion_server: 20:05:48 - number of joint positions sent : 6
20:07:06 setLeftEEInertialTransform :INFO- IK solve successful
motion_server: 20:07:06 - IK solve successful
20:07:06 setLeftEEInertialTransform :INFO- No collision
motion_server: 20:07:06 - No collision
20:07:06 setLeftLimbPositionLinear :DEBUG- number of joint positions sent : 6 and duration is 1
motion_server: 20:07:06 - number of joint positions sent : 6 and duration is 1
20:07:07 setLeftLimbPosition :DEBUG- number of joint positions sent : 6
motion_server: 20:07:07 - number of joint positions sent : 6
20:07:36 setLeftEEInertialTransform :INFO- IK solve successful
motion_server: 20:07:36 - IK solve successful
20:07:36 setLeftEEInertialTransform :INFO- No collision
motion_server: 20:07:36 - No collision
20:07:36 setLeftLimbPositionLinear :DEBUG- number of joint positions sent : 6 and duration is 1
motion_server: 20:07:36 - number of joint positions sent : 6 and duration is 1
20:07:37 setLeftLimbPosition :DEBUG- number of joint positions sent : 6
motion_server: 20:07:37 - number of joint positions sent : 6
20:22:23 setLeftEEInertialTransform :INFO- IK solve successful
motion_server: 20:22:23 - IK solve successful
20:22:23 setLeftEEInertialTransform :INFO- No collision
motion_server: 20:22:23 - No collision
20:22:23 setLeftLimbPositionLinear :DEBUG- number of joint positions sent : 6 and duration is 1
motion_server: 20:22:23 - number of joint positions sent : 6 and duration is 1
20:22:24 setLeftLimbPosition :DEBUG- number of joint positions sent : 6
motion_server: 20:22:24 - number of joint positions sent : 6
20:24:18 setLeftEEInertialTransform :INFO- IK solve successful
motion_server: 20:24:18 - IK solve successful
20:24:18 setLeftEEInertialTransform :INFO- No collision
motion_server: 20:24:18 - No collision
20:24:18 setLeftLimbPositionLinear :DEBUG- number of joint positions sent : 6 and duration is 1
motion_server: 20:24:18 - number of joint positions sent : 6 and duration is 1
20:24:19 setRightLimbPositionLinear :DEBUG- number of joint positions sent : 6 and duration is 5
motion_server: 20:24:19 - number of joint positions sent : 6 and duration is 5
20:24:53 setLeftEEInertialTransform :INFO- IK solve successful
motion_server: 20:24:53 - IK solve successful
20:24:53 setLeftEEInertialTransform :INFO- No collision
motion_server: 20:24:53 - No collision
20:24:53 setLeftLimbPositionLinear :DEBUG- number of joint positions sent : 6 and duration is 1
motion_server: 20:24:53 - number of joint positions sent : 6 and duration is 1
20:24:54 setRightLimbPositionLinear :DEBUG- number of joint positions sent : 6 and duration is 1
motion_server: 20:24:54 - number of joint positions sent : 6 and duration is 1
20:25:45 setLeftEEInertialTransform :INFO- IK solve successful
motion_server: 20:25:45 - IK solve successful
20:25:45 setLeftEEInertialTransform :INFO- No collision
motion_server: 20:25:45 - No collision
20:25:45 setLeftLimbPositionLinear :DEBUG- number of joint positions sent : 6 and duration is 1
motion_server: 20:25:45 - number of joint positions sent : 6 and duration is 1
20:25:46 setRightLimbPositionLinear :DEBUG- number of joint positions sent : 6 and duration is 1
motion_server: 20:25:46 - number of joint positions sent : 6 and duration is 1
20:26:52 setLeftLimbPositionLinear :DEBUG- number of joint positions sent : 6 and duration is 5
motion_server: 20:26:52 - number of joint positions sent : 6 and duration is 5
20:26:52 setRightLimbPositionLinear :DEBUG- number of joint positions sent : 6 and duration is 5
motion_server: 20:26:52 - number of joint positions sent : 6 and duration is 5
motion_server: 20:27:32 - Kinematic mode is activated
20:27:32 _controlLoop :INFO- controlLoop started.
20:27:32 startup :INFO- robot started.
motion_server: 20:27:32 - controlLoop started.
motion_server: 20:27:32 - robot started.
20:27:34 setLeftLimbPositionLinear :DEBUG- number of joint positions sent : 6 and duration is 2
motion_server: 20:27:34 - number of joint positions sent : 6 and duration is 2
20:27:34 setRightLimbPositionLinear :DEBUG- number of joint positions sent : 6 and duration is 2
motion_server: 20:27:34 - number of joint positions sent : 6 and duration is 2
20:27:35 setLeftLimbPositionLinear :DEBUG- number of joint positions sent : 6 and duration is 1
motion_server: 20:27:35 - number of joint positions sent : 6 and duration is 1
20:27:36 setLeftLimbPosition :DEBUG- number of joint positions sent : 6
motion_server: 20:27:36 - number of joint positions sent : 6
20:27:36 setRightLimbPosition :DEBUG- number of joint positions sent : 6
motion_server: 20:27:36 - number of joint positions sent : 6
20:27:47 setLeftEEInertialTransform :WARNING- IK solve failure: no IK solution found
motion_server: 20:27:47 - IK solve failure: no IK solution found
20:27:48 setRightLimbPositionLinear :DEBUG- number of joint positions sent : 6 and duration is 1
motion_server: 20:27:48 - number of joint positions sent : 6 and duration is 1
20:27:49 setRightLimbPosition :DEBUG- number of joint positions sent : 6
motion_server: 20:27:49 - number of joint positions sent : 6
motion_server: 20:30:04 - Server Created
motion_server: 20:30:52 - Kinematic mode is activated
20:30:52 _controlLoop :INFO- controlLoop started.
20:30:52 startup :INFO- robot started.
motion_server: 20:30:52 - controlLoop started.
motion_server: 20:30:52 - robot started.
20:30:53 setLeftLimbPositionLinear :DEBUG- number of joint positions sent : 6 and duration is 2
motion_server: 20:30:53 - number of joint positions sent : 6 and duration is 2
20:30:53 setRightLimbPositionLinear :DEBUG- number of joint positions sent : 6 and duration is 2
motion_server: 20:30:53 - number of joint positions sent : 6 and duration is 2
20:30:54 setLeftLimbPositionLinear :DEBUG- number of joint positions sent : 6 and duration is 1
motion_server: 20:30:54 - number of joint positions sent : 6 and duration is 1
20:30:55 setLeftLimbPosition :DEBUG- number of joint positions sent : 6
motion_server: 20:30:55 - number of joint positions sent : 6
20:30:55 setRightLimbPosition :DEBUG- number of joint positions sent : 6
motion_server: 20:30:55 - number of joint positions sent : 6
20:31:34 setLeftEEInertialTransform :WARNING- IK solve failure: no IK solution found
motion_server: 20:31:34 - IK solve failure: no IK solution found
20:31:35 setRightLimbPositionLinear :DEBUG- number of joint positions sent : 6 and duration is 1
motion_server: 20:31:35 - number of joint positions sent : 6 and duration is 1
20:31:36 setRightLimbPosition :DEBUG- number of joint positions sent : 6
motion_server: 20:31:36 - number of joint positions sent : 6
20:32:04 setLeftEEInertialTransform :WARNING- IK solve failure: no IK solution found
motion_server: 20:32:04 - IK solve failure: no IK solution found
20:32:05 setRightLimbPositionLinear :DEBUG- number of joint positions sent : 6 and duration is 1
motion_server: 20:32:05 - number of joint positions sent : 6 and duration is 1
20:32:06 setRightLimbPosition :DEBUG- number of joint positions sent : 6
motion_server: 20:32:06 - number of joint positions sent : 6
20:32:16 setLeftEEInertialTransform :WARNING- IK solve failure: no IK solution found
motion_server: 20:32:16 - IK solve failure: no IK solution found
20:32:17 setRightLimbPositionLinear :DEBUG- number of joint positions sent : 6 and duration is 1
motion_server: 20:32:17 - number of joint positions sent : 6 and duration is 1
20:32:18 setRightLimbPosition :DEBUG- number of joint positions sent : 6
motion_server: 20:32:18 - number of joint positions sent : 6
motion_server: 20:35:04 - Kinematic mode is activated
20:35:04 _controlLoop :INFO- controlLoop started.
motion_server: 20:35:04 - controlLoop started.
20:35:04 startup :INFO- robot started.
motion_server: 20:35:04 - robot started.
20:35:05 setLeftLimbPositionLinear :DEBUG- number of joint positions sent : 6 and duration is 2
motion_server: 20:35:05 - number of joint positions sent : 6 and duration is 2
20:35:05 setRightLimbPositionLinear :DEBUG- number of joint positions sent : 6 and duration is 2
motion_server: 20:35:05 - number of joint positions sent : 6 and duration is 2
20:35:07 setLeftLimbPosition :DEBUG- number of joint positions sent : 6
motion_server: 20:35:07 - number of joint positions sent : 6
20:35:07 setRightLimbPosition :DEBUG- number of joint positions sent : 6
motion_server: 20:35:07 - number of joint positions sent : 6
20:35:16 setLeftEEInertialTransform :INFO- IK solve successful
motion_server: 20:35:16 - IK solve successful
20:35:16 setLeftEEInertialTransform :INFO- No collision
motion_server: 20:35:16 - No collision
20:35:16 setLeftLimbPositionLinear :DEBUG- number of joint positions sent : 6 and duration is 1
motion_server: 20:35:16 - number of joint positions sent : 6 and duration is 1
20:35:17 setLeftLimbPosition :DEBUG- number of joint positions sent : 6
motion_server: 20:35:17 - number of joint positions sent : 6
20:35:17 setRightLimbPositionLinear :DEBUG- number of joint positions sent : 6 and duration is 1
motion_server: 20:35:17 - number of joint positions sent : 6 and duration is 1
20:35:18 setRightLimbPosition :DEBUG- number of joint positions sent : 6
motion_server: 20:35:18 - number of joint positions sent : 6
20:35:36 setLeftEEInertialTransform :INFO- IK solve successful
motion_server: 20:35:36 - IK solve successful
20:35:36 setLeftEEInertialTransform :INFO- No collision
motion_server: 20:35:36 - No collision
20:35:36 setLeftLimbPositionLinear :DEBUG- number of joint positions sent : 6 and duration is 1
motion_server: 20:35:36 - number of joint positions sent : 6 and duration is 1
20:35:37 setLeftLimbPosition :DEBUG- number of joint positions sent : 6
motion_server: 20:35:37 - number of joint positions sent : 6
20:35:38 setRightLimbPositionLinear :DEBUG- number of joint positions sent : 6 and duration is 1
motion_server: 20:35:38 - number of joint positions sent : 6 and duration is 1
20:35:39 setRightLimbPosition :DEBUG- number of joint positions sent : 6
motion_server: 20:35:39 - number of joint positions sent : 6
20:39:11 setLeftEEInertialTransform :INFO- IK solve successful
motion_server: 20:39:11 - IK solve successful
20:39:11 setLeftEEInertialTransform :INFO- No collision
motion_server: 20:39:11 - No collision
20:39:11 setLeftLimbPositionLinear :DEBUG- number of joint positions sent : 6 and duration is 1
motion_server: 20:39:11 - number of joint positions sent : 6 and duration is 1
20:39:12 setLeftLimbPosition :DEBUG- number of joint positions sent : 6
motion_server: 20:39:12 - number of joint positions sent : 6
20:39:15 setLeftEEInertialTransform :INFO- IK solve successful
motion_server: 20:39:15 - IK solve successful
20:39:15 setLeftEEInertialTransform :INFO- No collision
motion_server: 20:39:15 - No collision
20:39:15 setLeftLimbPositionLinear :DEBUG- number of joint positions sent : 6 and duration is 1
motion_server: 20:39:15 - number of joint positions sent : 6 and duration is 1
20:39:16 setLeftLimbPosition :DEBUG- number of joint positions sent : 6
motion_server: 20:39:16 - number of joint positions sent : 6
20:39:17 setRightLimbPositionLinear :DEBUG- number of joint positions sent : 6 and duration is 1
motion_server: 20:39:17 - number of joint positions sent : 6 and duration is 1
20:39:18 setRightLimbPosition :DEBUG- number of joint positions sent : 6
motion_server: 20:39:18 - number of joint positions sent : 6
20:39:44 setLeftEEInertialTransform :INFO- IK solve successful
motion_server: 20:39:44 - IK solve successful
20:39:44 setLeftEEInertialTransform :INFO- No collision
motion_server: 20:39:44 - No collision
20:39:44 setLeftLimbPositionLinear :DEBUG- number of joint positions sent : 6 and duration is 1
motion_server: 20:39:44 - number of joint positions sent : 6 and duration is 1
20:39:45 setLeftLimbPosition :DEBUG- number of joint positions sent : 6
motion_server: 20:39:45 - number of joint positions sent : 6
20:39:47 setLeftEEInertialTransform :INFO- IK solve successful
motion_server: 20:39:47 - IK solve successful
20:39:47 setLeftEEInertialTransform :INFO- No collision
motion_server: 20:39:47 - No collision
20:39:47 setLeftLimbPositionLinear :DEBUG- number of joint positions sent : 6 and duration is 1
motion_server: 20:39:47 - number of joint positions sent : 6 and duration is 1
20:39:48 setLeftLimbPosition :DEBUG- number of joint positions sent : 6
motion_server: 20:39:48 - number of joint positions sent : 6
20:39:49 setRightLimbPositionLinear :DEBUG- number of joint positions sent : 6 and duration is 1
motion_server: 20:39:49 - number of joint positions sent : 6 and duration is 1
20:39:50 setRightLimbPosition :DEBUG- number of joint positions sent : 6
motion_server: 20:39:50 - number of joint positions sent : 6
20:39:58 setLeftEEInertialTransform :INFO- IK solve successful
motion_server: 20:39:58 - IK solve successful
20:39:58 setLeftEEInertialTransform :INFO- No collision
motion_server: 20:39:58 - No collision
20:39:58 setLeftLimbPositionLinear :DEBUG- number of joint positions sent : 6 and duration is 1
motion_server: 20:39:58 - number of joint positions sent : 6 and duration is 1
20:39:59 setLeftLimbPosition :DEBUG- number of joint positions sent : 6
motion_server: 20:39:59 - number of joint positions sent : 6
20:40:01 setLeftEEInertialTransform :INFO- IK solve successful
motion_server: 20:40:01 - IK solve successful
20:40:01 setLeftEEInertialTransform :INFO- No collision
motion_server: 20:40:01 - No collision
20:40:01 setLeftLimbPositionLinear :DEBUG- number of joint positions sent : 6 and duration is 1
motion_server: 20:40:01 - number of joint positions sent : 6 and duration is 1
20:40:02 setLeftLimbPosition :DEBUG- number of joint positions sent : 6
motion_server: 20:40:02 - number of joint positions sent : 6
20:40:03 setRightLimbPositionLinear :DEBUG- number of joint positions sent : 6 and duration is 1
motion_server: 20:40:03 - number of joint positions sent : 6 and duration is 1
20:40:04 setRightLimbPosition :DEBUG- number of joint positions sent : 6
motion_server: 20:40:04 - number of joint positions sent : 6
20:40:30 setLeftEEInertialTransform :INFO- IK solve successful
motion_server: 20:40:30 - IK solve successful
20:40:30 setLeftEEInertialTransform :INFO- No collision
motion_server: 20:40:30 - No collision
20:40:30 setLeftLimbPositionLinear :DEBUG- number of joint positions sent : 6 and duration is 1
motion_server: 20:40:30 - number of joint positions sent : 6 and duration is 1
20:40:31 setLeftLimbPosition :DEBUG- number of joint positions sent : 6
motion_server: 20:40:31 - number of joint positions sent : 6
20:40:39 setLeftEEInertialTransform :INFO- IK solve successful
motion_server: 20:40:39 - IK solve successful
20:40:39 setLeftEEInertialTransform :INFO- No collision
motion_server: 20:40:39 - No collision
20:40:39 setLeftLimbPositionLinear :DEBUG- number of joint positions sent : 6 and duration is 1
motion_server: 20:40:39 - number of joint positions sent : 6 and duration is 1
20:40:40 setLeftLimbPosition :DEBUG- number of joint positions sent : 6
motion_server: 20:40:40 - number of joint positions sent : 6
20:40:41 setRightLimbPositionLinear :DEBUG- number of joint positions sent : 6 and duration is 1
motion_server: 20:40:41 - number of joint positions sent : 6 and duration is 1
20:40:42 setRightLimbPosition :DEBUG- number of joint positions sent : 6
motion_server: 20:40:42 - number of joint positions sent : 6
20:40:59 setLeftEEInertialTransform :INFO- IK solve successful
motion_server: 20:40:59 - IK solve successful
20:40:59 setLeftEEInertialTransform :INFO- No collision
motion_server: 20:40:59 - No collision
20:40:59 setLeftLimbPositionLinear :DEBUG- number of joint positions sent : 6 and duration is 1
motion_server: 20:40:59 - number of joint positions sent : 6 and duration is 1
20:41:00 setLeftLimbPosition :DEBUG- number of joint positions sent : 6
motion_server: 20:41:00 - number of joint positions sent : 6
20:41:04 setLeftEEInertialTransform :INFO- IK solve successful
motion_server: 20:41:04 - IK solve successful
20:41:04 setLeftEEInertialTransform :INFO- No collision
motion_server: 20:41:04 - No collision
20:41:04 setLeftLimbPositionLinear :DEBUG- number of joint positions sent : 6 and duration is 1
motion_server: 20:41:04 - number of joint positions sent : 6 and duration is 1
20:41:05 setLeftLimbPosition :DEBUG- number of joint positions sent : 6
motion_server: 20:41:05 - number of joint positions sent : 6
20:41:06 setRightLimbPositionLinear :DEBUG- number of joint positions sent : 6 and duration is 1
motion_server: 20:41:06 - number of joint positions sent : 6 and duration is 1
20:41:07 setRightLimbPosition :DEBUG- number of joint positions sent : 6
motion_server: 20:41:07 - number of joint positions sent : 6
20:45:03 setLeftEEInertialTransform :INFO- IK solve successful
motion_server: 20:45:03 - IK solve successful
20:45:03 setLeftEEInertialTransform :INFO- No collision
motion_server: 20:45:03 - No collision
20:45:03 setLeftLimbPositionLinear :DEBUG- number of joint positions sent : 6 and duration is 1
motion_server: 20:45:03 - number of joint positions sent : 6 and duration is 1
20:45:04 setLeftLimbPosition :DEBUG- number of joint positions sent : 6
motion_server: 20:45:04 - number of joint positions sent : 6
20:45:05 setRightLimbPositionLinear :DEBUG- number of joint positions sent : 6 and duration is 1
motion_server: 20:45:05 - number of joint positions sent : 6 and duration is 1
20:45:06 setRightLimbPosition :DEBUG- number of joint positions sent : 6
motion_server: 20:45:06 - number of joint positions sent : 6
20:45:12 setLeftEEInertialTransform :INFO- IK solve successful
motion_server: 20:45:12 - IK solve successful
20:45:12 setLeftEEInertialTransform :INFO- No collision
motion_server: 20:45:12 - No collision
20:45:12 setLeftLimbPositionLinear :DEBUG- number of joint positions sent : 6 and duration is 1
motion_server: 20:45:12 - number of joint positions sent : 6 and duration is 1
20:45:13 setLeftLimbPosition :DEBUG- number of joint positions sent : 6
motion_server: 20:45:13 - number of joint positions sent : 6
20:45:21 setLeftEEInertialTransform :INFO- IK solve successful
motion_server: 20:45:21 - IK solve successful
20:45:21 setLeftEEInertialTransform :INFO- No collision
motion_server: 20:45:21 - No collision
20:45:21 setLeftLimbPositionLinear :DEBUG- number of joint positions sent : 6 and duration is 1
motion_server: 20:45:21 - number of joint positions sent : 6 and duration is 1
20:45:22 setLeftLimbPosition :DEBUG- number of joint positions sent : 6
motion_server: 20:45:22 - number of joint positions sent : 6
20:45:25 setLeftEEInertialTransform :INFO- IK solve successful
motion_server: 20:45:25 - IK solve successful
20:45:25 setLeftEEInertialTransform :INFO- No collision
motion_server: 20:45:25 - No collision
20:45:25 setLeftLimbPositionLinear :DEBUG- number of joint positions sent : 6 and duration is 1
motion_server: 20:45:25 - number of joint positions sent : 6 and duration is 1
20:45:26 setLeftLimbPosition :DEBUG- number of joint positions sent : 6
motion_server: 20:45:26 - number of joint positions sent : 6
20:45:27 setRightLimbPositionLinear :DEBUG- number of joint positions sent : 6 and duration is 1
motion_server: 20:45:27 - number of joint positions sent : 6 and duration is 1
20:45:28 setRightLimbPosition :DEBUG- number of joint positions sent : 6
motion_server: 20:45:28 - number of joint positions sent : 6
20:46:01 setLeftEEInertialTransform :INFO- IK solve successful
motion_server: 20:46:01 - IK solve successful
20:46:01 setLeftEEInertialTransform :INFO- No collision
motion_server: 20:46:01 - No collision
20:46:01 setLeftLimbPositionLinear :DEBUG- number of joint positions sent : 6 and duration is 1
motion_server: 20:46:01 - number of joint positions sent : 6 and duration is 1
20:46:02 setLeftLimbPosition :DEBUG- number of joint positions sent : 6
motion_server: 20:46:02 - number of joint positions sent : 6
20:46:04 setRightLimbPositionLinear :DEBUG- number of joint positions sent : 6 and duration is 1
motion_server: 20:46:04 - number of joint positions sent : 6 and duration is 1
20:46:05 setRightLimbPosition :DEBUG- number of joint positions sent : 6
motion_server: 20:46:05 - number of joint positions sent : 6
20:47:32 setLeftEEInertialTransform :INFO- IK solve successful
motion_server: 20:47:32 - IK solve successful
20:47:32 setLeftEEInertialTransform :INFO- No collision
motion_server: 20:47:32 - No collision
20:47:32 setLeftLimbPositionLinear :DEBUG- number of joint positions sent : 6 and duration is 1
motion_server: 20:47:32 - number of joint positions sent : 6 and duration is 1
20:47:33 setLeftLimbPosition :DEBUG- number of joint positions sent : 6
motion_server: 20:47:33 - number of joint positions sent : 6
20:47:34 setRightLimbPositionLinear :DEBUG- number of joint positions sent : 6 and duration is 1
motion_server: 20:47:34 - number of joint positions sent : 6 and duration is 1
20:47:35 setRightLimbPosition :DEBUG- number of joint positions sent : 6
motion_server: 20:47:35 - number of joint positions sent : 6
20:49:26 setLeftEEInertialTransform :INFO- IK solve successful
motion_server: 20:49:26 - IK solve successful
20:49:26 setLeftEEInertialTransform :INFO- No collision
motion_server: 20:49:26 - No collision
20:49:26 setLeftLimbPositionLinear :DEBUG- number of joint positions sent : 6 and duration is 1
motion_server: 20:49:26 - number of joint positions sent : 6 and duration is 1
20:49:27 setLeftLimbPosition :DEBUG- number of joint positions sent : 6
motion_server: 20:49:27 - number of joint positions sent : 6
20:49:28 setRightLimbPositionLinear :DEBUG- number of joint positions sent : 6 and duration is 1
motion_server: 20:49:28 - number of joint positions sent : 6 and duration is 1
20:49:29 setRightLimbPosition :DEBUG- number of joint positions sent : 6
motion_server: 20:49:29 - number of joint positions sent : 6
