motion_server: 20:59:27 - signal_shutdown [atexit]
motion_server: 21:00:08 - signal_shutdown [atexit]
motion_server: 21:01:19 - Server Created
motion_server: 21:30:26 - Server Created
motion_server: 21:30:32 - Kinematic mode is activated
21:30:36 Motion._controlLoop :INFO- controlLoop started.
motion_server: 21:30:36 - controlLoop started.
21:30:36 Motion.startup :INFO- robot started.
motion_server: 21:30:36 - robot started.
21:30:36 Motion.setLeftLimbPositionLinear :DEBUG- number of joint positions sent : 6 and duration is 5
motion_server: 21:30:36 - number of joint positions sent : 6 and duration is 5
21:30:36 Motion.setRightLimbPositionLinear :DEBUG- number of joint positions sent : 6 and duration is 5
motion_server: 21:30:36 - number of joint positions sent : 6 and duration is 5
motion_server: 21:33:36 - Server Created
motion_server: 21:36:45 - Server Created
motion_server: 21:36:52 - Kinematic mode is activated
21:36:52 Motion._controlLoop :INFO- controlLoop started.
21:36:52 Motion.startup :INFO- robot started.
motion_server: 21:36:52 - controlLoop started.
motion_server: 21:36:52 - robot started.
21:36:56 Motion.startup :WARNING- Already started.
motion_server: 21:36:56 - Already started.
21:36:56 Motion.setLeftLimbPositionLinear :DEBUG- number of joint positions sent : 6 and duration is 5
motion_server: 21:36:56 - number of joint positions sent : 6 and duration is 5
21:36:56 Motion.setRightLimbPositionLinear :DEBUG- number of joint positions sent : 6 and duration is 5
motion_server: 21:36:56 - number of joint positions sent : 6 and duration is 5
motion_server: 21:39:20 - signal_shutdown [atexit]
21:39:31 Motion.startup :WARNING- Already started.
motion_server: 21:39:31 - Already started.
motion_server: 21:39:57 - Server Created
motion_server: 21:39:57 - signal_shutdown [atexit]
motion_server: 21:40:16 - Server Created
motion_server: 21:40:50 - signal_shutdown [atexit]
motion_server: 21:40:51 - Server Created
motion_server: 21:41:05 - Server Created
motion_server: 21:41:12 - Kinematic mode is activated
21:41:12 Motion._controlLoop :INFO- controlLoop started.
motion_server: 21:41:12 - controlLoop started.
21:41:12 Motion.startup :INFO- robot started.
motion_server: 21:41:12 - robot started.
21:41:16 Motion.startup :WARNING- Already started.
motion_server: 21:41:16 - Already started.
21:41:16 Motion.setLeftLimbPositionLinear :DEBUG- number of joint positions sent : 6 and duration is 5
motion_server: 21:41:16 - number of joint positions sent : 6 and duration is 5
21:41:16 Motion.setRightLimbPositionLinear :DEBUG- number of joint positions sent : 6 and duration is 5
motion_server: 21:41:16 - number of joint positions sent : 6 and duration is 5
motion_server: 21:43:01 - Server Created
motion_server: 21:43:07 - Kinematic mode is activated
21:43:07 Motion._controlLoop :INFO- controlLoop started.
21:43:07 Motion.startup :INFO- robot started.
motion_server: 21:43:07 - controlLoop started.
motion_server: 21:43:07 - robot started.
21:43:11 Motion.startup :WARNING- Already started.
motion_server: 21:43:11 - Already started.
21:43:11 Motion.setLeftLimbPositionLinear :DEBUG- number of joint positions sent : 6 and duration is 5
motion_server: 21:43:11 - number of joint positions sent : 6 and duration is 5
21:43:12 Motion.setRightLimbPositionLinear :DEBUG- number of joint positions sent : 6 and duration is 5
motion_server: 21:43:12 - number of joint positions sent : 6 and duration is 5
motion_server: 21:46:16 - Server Created
motion_server: 21:46:23 - Kinematic mode is activated
21:46:23 Motion._controlLoop :INFO- controlLoop started.
21:46:23 Motion.startup :INFO- robot started.
motion_server: 21:46:23 - controlLoop started.
motion_server: 21:46:23 - robot started.
21:46:27 Motion.startup :WARNING- Already started.
motion_server: 21:46:27 - Already started.
21:46:27 Motion.setLeftLimbPositionLinear :DEBUG- number of joint positions sent : 6 and duration is 5
motion_server: 21:46:27 - number of joint positions sent : 6 and duration is 5
21:46:27 Motion.setRightLimbPositionLinear :DEBUG- number of joint positions sent : 6 and duration is 5
motion_server: 21:46:27 - number of joint positions sent : 6 and duration is 5
motion_server: 21:46:43 - signal_shutdown [atexit]
motion_server: 21:47:59 - Server Created
motion_server: 21:48:05 - Kinematic mode is activated
21:48:05 Motion._controlLoop :INFO- controlLoop started.
motion_server: 21:48:05 - controlLoop started.
21:48:05 Motion.startup :INFO- robot started.
motion_server: 21:48:05 - robot started.
21:48:09 Motion.startup :WARNING- Already started.
motion_server: 21:48:09 - Already started.
21:48:09 Motion.setLeftLimbPositionLinear :DEBUG- number of joint positions sent : 6 and duration is 5
motion_server: 21:48:09 - number of joint positions sent : 6 and duration is 5
21:48:09 Motion.setRightLimbPositionLinear :DEBUG- number of joint positions sent : 6 and duration is 5
motion_server: 21:48:09 - number of joint positions sent : 6 and duration is 5
motion_server: 21:48:31 - Server Created
motion_server: 21:48:38 - Kinematic mode is activated
21:48:38 Motion._controlLoop :INFO- controlLoop started.
motion_server: 21:48:38 - controlLoop started.
21:48:38 Motion.startup :INFO- robot started.
motion_server: 21:48:38 - robot started.
21:48:42 Motion.startup :WARNING- Already started.
motion_server: 21:48:42 - Already started.
21:48:42 Motion.setLeftLimbPositionLinear :DEBUG- number of joint positions sent : 6 and duration is 5
motion_server: 21:48:42 - number of joint positions sent : 6 and duration is 5
21:48:42 Motion.setRightLimbPositionLinear :DEBUG- number of joint positions sent : 6 and duration is 5
motion_server: 21:48:42 - number of joint positions sent : 6 and duration is 5
motion_server: 21:49:17 - Server Created
motion_server: 21:49:23 - Kinematic mode is activated
21:49:23 Motion._controlLoop :INFO- controlLoop started.
motion_server: 21:49:23 - controlLoop started.
21:49:23 Motion.startup :INFO- robot started.
motion_server: 21:49:23 - robot started.
21:49:27 Motion.startup :WARNING- Already started.
motion_server: 21:49:27 - Already started.
21:49:27 Motion.setLeftLimbPositionLinear :DEBUG- number of joint positions sent : 6 and duration is 5
motion_server: 21:49:27 - number of joint positions sent : 6 and duration is 5
21:49:27 Motion.setRightLimbPositionLinear :DEBUG- number of joint positions sent : 6 and duration is 5
motion_server: 21:49:27 - number of joint positions sent : 6 and duration is 5
