motion_server: 15:08:11 - Server Created
motion_server: 15:35:14 - Kinematic mode is activated
15:35:14 _controlLoop :INFO- controlLoop started.
motion_server: 15:35:14 - controlLoop started.
15:35:14 startup :INFO- robot started.
motion_server: 15:35:14 - robot started.
15:35:15 setLeftLimbPositionLinear :DEBUG- number of joint positions sent : 6 and duration is 2
motion_server: 15:35:15 - number of joint positions sent : 6 and duration is 2
15:35:15 setRightLimbPositionLinear :DEBUG- number of joint positions sent : 6 and duration is 2
motion_server: 15:35:15 - number of joint positions sent : 6 and duration is 2
15:35:17 setLeftLimbPosition :DEBUG- number of joint positions sent : 6
motion_server: 15:35:17 - number of joint positions sent : 6
15:35:17 setRightLimbPosition :DEBUG- number of joint positions sent : 6
motion_server: 15:35:17 - number of joint positions sent : 6
15:35:18 setLeftEEInertialTransform :INFO- IK solve successful
motion_server: 15:35:18 - IK solve successful
15:35:18 setLeftEEInertialTransform :INFO- No collision
motion_server: 15:35:18 - No collision
15:35:18 setLeftLimbPositionLinear :DEBUG- number of joint positions sent : 6 and duration is 1
motion_server: 15:35:18 - number of joint positions sent : 6 and duration is 1
15:35:18 setLeftEEInertialTransform :INFO- IK solve successful
motion_server: 15:35:18 - IK solve successful
15:35:18 setLeftEEInertialTransform :INFO- No collision
motion_server: 15:35:18 - No collision
15:35:18 setLeftLimbPositionLinear :DEBUG- number of joint positions sent : 6 and duration is 1
motion_server: 15:35:18 - number of joint positions sent : 6 and duration is 1
15:35:19 setLeftLimbPosition :DEBUG- number of joint positions sent : 6
motion_server: 15:35:19 - number of joint positions sent : 6
15:35:20 setRightLimbPositionLinear :DEBUG- number of joint positions sent : 6 and duration is 1
motion_server: 15:35:20 - number of joint positions sent : 6 and duration is 1
15:35:20 setLeftLimbPositionLinear :DEBUG- number of joint positions sent : 6 and duration is 5
motion_server: 15:35:20 - number of joint positions sent : 6 and duration is 5
15:35:20 setRightLimbPositionLinear :DEBUG- number of joint positions sent : 6 and duration is 5
motion_server: 15:35:20 - number of joint positions sent : 6 and duration is 5
15:35:20 setLeftLimbPositionLinear :DEBUG- number of joint positions sent : 6 and duration is 5
motion_server: 15:35:20 - number of joint positions sent : 6 and duration is 5
15:35:20 setRightLimbPositionLinear :DEBUG- number of joint positions sent : 6 and duration is 5
motion_server: 15:35:20 - number of joint positions sent : 6 and duration is 5
15:35:25 setLeftLimbPosition :DEBUG- number of joint positions sent : 6
motion_server: 15:35:25 - number of joint positions sent : 6
15:35:25 setRightLimbPosition :DEBUG- number of joint positions sent : 6
motion_server: 15:35:25 - number of joint positions sent : 6
motion_server: 15:45:29 - Server Created
motion_server: 15:46:54 - Kinematic mode is activated
15:46:54 _controlLoop :INFO- controlLoop started.
motion_server: 15:46:54 - controlLoop started.
15:46:54 startup :INFO- robot started.
motion_server: 15:46:54 - robot started.
15:46:55 setLeftLimbPositionLinear :DEBUG- number of joint positions sent : 6 and duration is 2
motion_server: 15:46:55 - number of joint positions sent : 6 and duration is 2
15:46:55 setRightLimbPositionLinear :DEBUG- number of joint positions sent : 6 and duration is 2
motion_server: 15:46:55 - number of joint positions sent : 6 and duration is 2
15:46:57 setLeftLimbPosition :DEBUG- number of joint positions sent : 6
motion_server: 15:46:57 - number of joint positions sent : 6
15:46:58 setRightLimbPosition :DEBUG- number of joint positions sent : 6
motion_server: 15:46:58 - number of joint positions sent : 6
15:46:58 setLeftEEInertialTransform :INFO- IK solve successful
motion_server: 15:46:58 - IK solve successful
15:46:58 setLeftEEInertialTransform :INFO- No collision
motion_server: 15:46:58 - No collision
15:46:58 setLeftLimbPositionLinear :DEBUG- number of joint positions sent : 6 and duration is 1
motion_server: 15:46:58 - number of joint positions sent : 6 and duration is 1
15:46:58 setLeftEEInertialTransform :INFO- IK solve successful
motion_server: 15:46:58 - IK solve successful
15:46:58 setLeftEEInertialTransform :INFO- No collision
motion_server: 15:46:58 - No collision
15:46:58 setLeftLimbPositionLinear :DEBUG- number of joint positions sent : 6 and duration is 1
motion_server: 15:46:58 - number of joint positions sent : 6 and duration is 1
15:46:59 setLeftLimbPosition :DEBUG- number of joint positions sent : 6
motion_server: 15:46:59 - number of joint positions sent : 6
15:47:00 setRightLimbPositionLinear :DEBUG- number of joint positions sent : 6 and duration is 1
motion_server: 15:47:00 - number of joint positions sent : 6 and duration is 1
15:47:00 setLeftLimbPositionLinear :DEBUG- number of joint positions sent : 6 and duration is 5
motion_server: 15:47:00 - number of joint positions sent : 6 and duration is 5
15:47:01 setRightLimbPositionLinear :DEBUG- number of joint positions sent : 6 and duration is 5
motion_server: 15:47:01 - number of joint positions sent : 6 and duration is 5
15:47:01 setLeftLimbPositionLinear :DEBUG- number of joint positions sent : 6 and duration is 5
motion_server: 15:47:01 - number of joint positions sent : 6 and duration is 5
15:47:01 setRightLimbPositionLinear :DEBUG- number of joint positions sent : 6 and duration is 5
motion_server: 15:47:01 - number of joint positions sent : 6 and duration is 5
15:47:06 setLeftLimbPosition :DEBUG- number of joint positions sent : 6
motion_server: 15:47:06 - number of joint positions sent : 6
15:47:06 setRightLimbPosition :DEBUG- number of joint positions sent : 6
motion_server: 15:47:06 - number of joint positions sent : 6
12:05:35 _controlLoop :INFO- controlThread exited.
motion_server: 12:05:35 - controlThread exited.
