motion_server: 17:37:48 - Server Created
motion_server: 17:44:53 - Kinematic mode is activated
17:44:54 _controlLoop :INFO- controlLoop started.
motion_server: 17:44:54 - controlLoop started.
17:44:54 startup :INFO- robot started.
motion_server: 17:44:54 - robot started.
17:44:55 setLeftLimbPositionLinear :DEBUG- number of joint positions sent : 6 and duration is 2
motion_server: 17:44:55 - number of joint positions sent : 6 and duration is 2
17:44:55 setRightLimbPositionLinear :DEBUG- number of joint positions sent : 6 and duration is 2
motion_server: 17:44:55 - number of joint positions sent : 6 and duration is 2
17:44:57 setLeftLimbPosition :DEBUG- number of joint positions sent : 6
motion_server: 17:44:57 - number of joint positions sent : 6
17:44:57 setRightLimbPosition :DEBUG- number of joint positions sent : 6
motion_server: 17:44:57 - number of joint positions sent : 6
motion_server: 17:52:16 - Kinematic mode is activated
17:52:16 _controlLoop :INFO- controlLoop started.
motion_server: 17:52:16 - controlLoop started.
17:52:16 startup :INFO- robot started.
motion_server: 17:52:16 - robot started.
17:52:17 setLeftLimbPositionLinear :DEBUG- number of joint positions sent : 6 and duration is 2
motion_server: 17:52:17 - number of joint positions sent : 6 and duration is 2
17:52:17 setRightLimbPositionLinear :DEBUG- number of joint positions sent : 6 and duration is 2
motion_server: 17:52:17 - number of joint positions sent : 6 and duration is 2
17:52:19 setLeftLimbPosition :DEBUG- number of joint positions sent : 6
motion_server: 17:52:19 - number of joint positions sent : 6
17:52:19 setRightLimbPosition :DEBUG- number of joint positions sent : 6
motion_server: 17:52:19 - number of joint positions sent : 6
17:52:31 setLeftEEInertialTransform :INFO- IK solve successful
motion_server: 17:52:31 - IK solve successful
17:52:31 setLeftEEInertialTransform :INFO- No collision
motion_server: 17:52:31 - No collision
17:52:31 setLeftLimbPositionLinear :DEBUG- number of joint positions sent : 6 and duration is 1
motion_server: 17:52:31 - number of joint positions sent : 6 and duration is 1
17:52:32 setLeftLimbPosition :DEBUG- number of joint positions sent : 6
motion_server: 17:52:32 - number of joint positions sent : 6
17:52:38 setLeftLimbPositionLinear :DEBUG- number of joint positions sent : 6 and duration is 5
motion_server: 17:52:38 - number of joint positions sent : 6 and duration is 5
17:52:38 setRightLimbPositionLinear :DEBUG- number of joint positions sent : 6 and duration is 5
motion_server: 17:52:38 - number of joint positions sent : 6 and duration is 5
17:52:43 setLeftLimbPosition :DEBUG- number of joint positions sent : 6
motion_server: 17:52:43 - number of joint positions sent : 6
17:52:43 setRightLimbPosition :DEBUG- number of joint positions sent : 6
motion_server: 17:52:43 - number of joint positions sent : 6
motion_server: 17:56:04 - Kinematic mode is activated
17:56:04 _controlLoop :INFO- controlLoop started.
motion_server: 17:56:04 - controlLoop started.
17:56:04 startup :INFO- robot started.
motion_server: 17:56:04 - robot started.
17:56:05 setLeftLimbPositionLinear :DEBUG- number of joint positions sent : 6 and duration is 2
motion_server: 17:56:05 - number of joint positions sent : 6 and duration is 2
17:56:05 setRightLimbPositionLinear :DEBUG- number of joint positions sent : 6 and duration is 2
motion_server: 17:56:05 - number of joint positions sent : 6 and duration is 2
17:56:07 setLeftLimbPosition :DEBUG- number of joint positions sent : 6
motion_server: 17:56:07 - number of joint positions sent : 6
17:56:07 setRightLimbPosition :DEBUG- number of joint positions sent : 6
motion_server: 17:56:07 - number of joint positions sent : 6
17:56:24 setLeftEEInertialTransform :INFO- IK solve successful
motion_server: 17:56:24 - IK solve successful
17:56:24 setLeftEEInertialTransform :INFO- No collision
motion_server: 17:56:24 - No collision
17:56:24 setLeftLimbPositionLinear :DEBUG- number of joint positions sent : 6 and duration is 1
motion_server: 17:56:24 - number of joint positions sent : 6 and duration is 1
17:56:25 setLeftEEInertialTransform :INFO- IK solve successful
motion_server: 17:56:25 - IK solve successful
17:56:25 setLeftEEInertialTransform :INFO- No collision
motion_server: 17:56:25 - No collision
17:56:25 setLeftLimbPositionLinear :DEBUG- number of joint positions sent : 6 and duration is 1
motion_server: 17:56:25 - number of joint positions sent : 6 and duration is 1
17:56:26 setLeftLimbPosition :DEBUG- number of joint positions sent : 6
motion_server: 17:56:26 - number of joint positions sent : 6
17:56:27 setRightLimbPositionLinear :DEBUG- number of joint positions sent : 6 and duration is 1
motion_server: 17:56:27 - number of joint positions sent : 6 and duration is 1
17:56:27 setLeftLimbPositionLinear :DEBUG- number of joint positions sent : 6 and duration is 5
motion_server: 17:56:27 - number of joint positions sent : 6 and duration is 5
17:56:27 setRightLimbPositionLinear :DEBUG- number of joint positions sent : 6 and duration is 5
motion_server: 17:56:27 - number of joint positions sent : 6 and duration is 5
17:56:32 setLeftLimbPosition :DEBUG- number of joint positions sent : 6
motion_server: 17:56:32 - number of joint positions sent : 6
17:56:32 setRightLimbPosition :DEBUG- number of joint positions sent : 6
motion_server: 17:56:32 - number of joint positions sent : 6
motion_server: 18:00:36 - Kinematic mode is activated
18:00:36 startup :INFO- robot started.
18:00:36 _controlLoop :INFO- controlLoop started.
motion_server: 18:00:36 - robot started.
motion_server: 18:00:36 - controlLoop started.
18:00:37 setLeftLimbPositionLinear :DEBUG- number of joint positions sent : 6 and duration is 2
motion_server: 18:00:37 - number of joint positions sent : 6 and duration is 2
18:00:37 setRightLimbPositionLinear :DEBUG- number of joint positions sent : 6 and duration is 2
motion_server: 18:00:37 - number of joint positions sent : 6 and duration is 2
18:00:39 setLeftLimbPosition :DEBUG- number of joint positions sent : 6
motion_server: 18:00:39 - number of joint positions sent : 6
18:00:39 setRightLimbPosition :DEBUG- number of joint positions sent : 6
motion_server: 18:00:39 - number of joint positions sent : 6
18:00:41 setLeftEEInertialTransform :INFO- IK solve successful
motion_server: 18:00:41 - IK solve successful
18:00:41 setLeftEEInertialTransform :INFO- No collision
motion_server: 18:00:41 - No collision
18:00:41 setLeftLimbPositionLinear :DEBUG- number of joint positions sent : 6 and duration is 1
motion_server: 18:00:41 - number of joint positions sent : 6 and duration is 1
18:00:42 setLeftLimbPosition :DEBUG- number of joint positions sent : 6
motion_server: 18:00:42 - number of joint positions sent : 6
18:00:55 setLeftEEInertialTransform :INFO- IK solve successful
motion_server: 18:00:55 - IK solve successful
18:00:55 setLeftEEInertialTransform :INFO- No collision
motion_server: 18:00:55 - No collision
18:00:55 setLeftLimbPositionLinear :DEBUG- number of joint positions sent : 6 and duration is 1
motion_server: 18:00:55 - number of joint positions sent : 6 and duration is 1
18:00:56 setLeftLimbPosition :DEBUG- number of joint positions sent : 6
motion_server: 18:00:56 - number of joint positions sent : 6
18:01:04 setLeftLimbPositionLinear :DEBUG- number of joint positions sent : 6 and duration is 5
motion_server: 18:01:04 - number of joint positions sent : 6 and duration is 5
18:01:04 setRightLimbPositionLinear :DEBUG- number of joint positions sent : 6 and duration is 5
motion_server: 18:01:04 - number of joint positions sent : 6 and duration is 5
18:01:09 setLeftLimbPosition :DEBUG- number of joint positions sent : 6
motion_server: 18:01:09 - number of joint positions sent : 6
18:01:09 setRightLimbPosition :DEBUG- number of joint positions sent : 6
motion_server: 18:01:09 - number of joint positions sent : 6
motion_server: 18:01:34 - Kinematic mode is activated
18:01:34 _controlLoop :INFO- controlLoop started.
motion_server: 18:01:34 - controlLoop started.
18:01:34 startup :INFO- robot started.
motion_server: 18:01:34 - robot started.
18:01:35 setLeftLimbPositionLinear :DEBUG- number of joint positions sent : 6 and duration is 2
motion_server: 18:01:35 - number of joint positions sent : 6 and duration is 2
18:01:35 setRightLimbPositionLinear :DEBUG- number of joint positions sent : 6 and duration is 2
motion_server: 18:01:35 - number of joint positions sent : 6 and duration is 2
18:01:37 setLeftLimbPosition :DEBUG- number of joint positions sent : 6
motion_server: 18:01:37 - number of joint positions sent : 6
18:01:37 setRightLimbPosition :DEBUG- number of joint positions sent : 6
motion_server: 18:01:37 - number of joint positions sent : 6
18:01:47 setLeftEEInertialTransform :INFO- IK solve successful
motion_server: 18:01:47 - IK solve successful
18:01:47 setLeftEEInertialTransform :INFO- No collision
motion_server: 18:01:47 - No collision
18:01:47 setLeftLimbPositionLinear :DEBUG- number of joint positions sent : 6 and duration is 1
motion_server: 18:01:47 - number of joint positions sent : 6 and duration is 1
18:01:48 setLeftEEInertialTransform :INFO- IK solve successful
motion_server: 18:01:48 - IK solve successful
18:01:48 setLeftEEInertialTransform :INFO- No collision
motion_server: 18:01:48 - No collision
18:01:48 setLeftLimbPositionLinear :DEBUG- number of joint positions sent : 6 and duration is 1
motion_server: 18:01:48 - number of joint positions sent : 6 and duration is 1
18:01:49 setLeftLimbPosition :DEBUG- number of joint positions sent : 6
motion_server: 18:01:49 - number of joint positions sent : 6
18:01:50 setRightLimbPositionLinear :DEBUG- number of joint positions sent : 6 and duration is 1
motion_server: 18:01:50 - number of joint positions sent : 6 and duration is 1
18:01:51 setRightLimbPosition :DEBUG- number of joint positions sent : 6
motion_server: 18:01:51 - number of joint positions sent : 6
18:01:54 setLeftLimbPositionLinear :DEBUG- number of joint positions sent : 6 and duration is 5
motion_server: 18:01:54 - number of joint positions sent : 6 and duration is 5
18:01:54 setRightLimbPositionLinear :DEBUG- number of joint positions sent : 6 and duration is 5
motion_server: 18:01:54 - number of joint positions sent : 6 and duration is 5
18:01:59 setLeftLimbPosition :DEBUG- number of joint positions sent : 6
motion_server: 18:01:59 - number of joint positions sent : 6
18:01:59 setRightLimbPosition :DEBUG- number of joint positions sent : 6
motion_server: 18:01:59 - number of joint positions sent : 6
motion_server: 21:58:03 - Kinematic mode is activated
21:58:03 _controlLoop :INFO- controlLoop started.
motion_server: 21:58:03 - controlLoop started.
21:58:03 startup :INFO- robot started.
motion_server: 21:58:03 - robot started.
21:58:04 setLeftLimbPositionLinear :DEBUG- number of joint positions sent : 6 and duration is 2
motion_server: 21:58:04 - number of joint positions sent : 6 and duration is 2
21:58:04 setRightLimbPositionLinear :DEBUG- number of joint positions sent : 6 and duration is 2
motion_server: 21:58:04 - number of joint positions sent : 6 and duration is 2
21:58:06 setLeftLimbPosition :DEBUG- number of joint positions sent : 6
motion_server: 21:58:06 - number of joint positions sent : 6
21:58:06 setRightLimbPosition :DEBUG- number of joint positions sent : 6
motion_server: 21:58:06 - number of joint positions sent : 6
motion_server: 21:58:34 - Kinematic mode is activated
21:58:34 _controlLoop :INFO- controlLoop started.
21:58:34 startup :INFO- robot started.
motion_server: 21:58:34 - controlLoop started.
motion_server: 21:58:34 - robot started.
21:58:35 setLeftLimbPositionLinear :DEBUG- number of joint positions sent : 6 and duration is 2
motion_server: 21:58:35 - number of joint positions sent : 6 and duration is 2
21:58:35 setRightLimbPositionLinear :DEBUG- number of joint positions sent : 6 and duration is 2
motion_server: 21:58:35 - number of joint positions sent : 6 and duration is 2
21:58:37 setLeftLimbPosition :DEBUG- number of joint positions sent : 6
motion_server: 21:58:37 - number of joint positions sent : 6
21:58:37 setRightLimbPosition :DEBUG- number of joint positions sent : 6
motion_server: 21:58:37 - number of joint positions sent : 6
21:58:51 setLeftLimbPositionLinear :DEBUG- number of joint positions sent : 6 and duration is 5
motion_server: 21:58:51 - number of joint positions sent : 6 and duration is 5
21:58:51 setRightLimbPositionLinear :DEBUG- number of joint positions sent : 6 and duration is 5
motion_server: 21:58:51 - number of joint positions sent : 6 and duration is 5
21:58:56 setLeftLimbPosition :DEBUG- number of joint positions sent : 6
motion_server: 21:58:56 - number of joint positions sent : 6
21:58:56 setRightLimbPosition :DEBUG- number of joint positions sent : 6
motion_server: 21:58:56 - number of joint positions sent : 6
motion_server: 22:02:01 - Kinematic mode is activated
22:02:01 _controlLoop :INFO- controlLoop started.
motion_server: 22:02:01 - controlLoop started.
22:02:01 startup :INFO- robot started.
motion_server: 22:02:01 - robot started.
22:02:02 setLeftLimbPositionLinear :DEBUG- number of joint positions sent : 6 and duration is 2
motion_server: 22:02:02 - number of joint positions sent : 6 and duration is 2
22:02:02 setRightLimbPositionLinear :DEBUG- number of joint positions sent : 6 and duration is 2
motion_server: 22:02:02 - number of joint positions sent : 6 and duration is 2
22:02:04 setLeftLimbPosition :DEBUG- number of joint positions sent : 6
motion_server: 22:02:04 - number of joint positions sent : 6
22:02:04 setRightLimbPosition :DEBUG- number of joint positions sent : 6
motion_server: 22:02:04 - number of joint positions sent : 6
22:02:07 setLeftEEInertialTransform :INFO- IK solve successful
motion_server: 22:02:07 - IK solve successful
22:02:07 setLeftEEInertialTransform :INFO- No collision
motion_server: 22:02:07 - No collision
22:02:07 setLeftLimbPositionLinear :DEBUG- number of joint positions sent : 6 and duration is 1
motion_server: 22:02:07 - number of joint positions sent : 6 and duration is 1
22:02:08 setLeftEEInertialTransform :INFO- IK solve successful
motion_server: 22:02:08 - IK solve successful
22:02:08 setLeftEEInertialTransform :INFO- No collision
motion_server: 22:02:08 - No collision
22:02:08 setLeftLimbPositionLinear :DEBUG- number of joint positions sent : 6 and duration is 1
motion_server: 22:02:08 - number of joint positions sent : 6 and duration is 1
22:02:09 setLeftLimbPosition :DEBUG- number of joint positions sent : 6
motion_server: 22:02:09 - number of joint positions sent : 6
22:02:10 setRightLimbPositionLinear :DEBUG- number of joint positions sent : 6 and duration is 1
motion_server: 22:02:10 - number of joint positions sent : 6 and duration is 1
22:02:11 setRightLimbPosition :DEBUG- number of joint positions sent : 6
motion_server: 22:02:11 - number of joint positions sent : 6
22:02:14 setLeftEEInertialTransform :INFO- IK solve successful
motion_server: 22:02:14 - IK solve successful
22:02:14 setLeftEEInertialTransform :INFO- No collision
motion_server: 22:02:14 - No collision
22:02:14 setLeftLimbPositionLinear :DEBUG- number of joint positions sent : 6 and duration is 1
motion_server: 22:02:14 - number of joint positions sent : 6 and duration is 1
22:02:14 setLeftEEInertialTransform :INFO- IK solve successful
motion_server: 22:02:14 - IK solve successful
22:02:14 setLeftEEInertialTransform :INFO- No collision
motion_server: 22:02:14 - No collision
22:02:14 setLeftLimbPositionLinear :DEBUG- number of joint positions sent : 6 and duration is 1
motion_server: 22:02:14 - number of joint positions sent : 6 and duration is 1
22:02:15 setLeftLimbPosition :DEBUG- number of joint positions sent : 6
motion_server: 22:02:15 - number of joint positions sent : 6
22:02:16 setRightLimbPositionLinear :DEBUG- number of joint positions sent : 6 and duration is 1
motion_server: 22:02:16 - number of joint positions sent : 6 and duration is 1
22:02:17 setRightLimbPosition :DEBUG- number of joint positions sent : 6
motion_server: 22:02:17 - number of joint positions sent : 6
22:02:18 setLeftLimbPositionLinear :DEBUG- number of joint positions sent : 6 and duration is 5
motion_server: 22:02:18 - number of joint positions sent : 6 and duration is 5
22:02:18 setRightLimbPositionLinear :DEBUG- number of joint positions sent : 6 and duration is 5
motion_server: 22:02:18 - number of joint positions sent : 6 and duration is 5
22:02:23 setLeftLimbPosition :DEBUG- number of joint positions sent : 6
motion_server: 22:02:23 - number of joint positions sent : 6
22:02:23 setRightLimbPosition :DEBUG- number of joint positions sent : 6
motion_server: 22:02:23 - number of joint positions sent : 6
motion_server: 22:09:01 - Kinematic mode is activated
22:09:01 _controlLoop :INFO- controlLoop started.
motion_server: 22:09:01 - controlLoop started.
22:09:01 startup :INFO- robot started.
motion_server: 22:09:01 - robot started.
22:09:12 setLeftLimbPositionLinear :DEBUG- number of joint positions sent : 6 and duration is 10
motion_server: 22:09:12 - number of joint positions sent : 6 and duration is 10
22:09:12 setRightLimbPositionLinear :DEBUG- number of joint positions sent : 6 and duration is 10
motion_server: 22:09:12 - number of joint positions sent : 6 and duration is 10
22:09:22 setLeftLimbPosition :DEBUG- number of joint positions sent : 6
motion_server: 22:09:22 - number of joint positions sent : 6
22:09:22 setRightLimbPosition :DEBUG- number of joint positions sent : 6
motion_server: 22:09:22 - number of joint positions sent : 6
22:09:29 setLeftEEInertialTransform :INFO- IK solve successful
motion_server: 22:09:29 - IK solve successful
22:09:29 setLeftEEInertialTransform :INFO- No collision
motion_server: 22:09:29 - No collision
22:09:29 setLeftLimbPositionLinear :DEBUG- number of joint positions sent : 6 and duration is 0
motion_server: 22:09:29 - number of joint positions sent : 6 and duration is 0
22:09:29 setLeftLimbPosition :DEBUG- number of joint positions sent : 6
motion_server: 22:09:29 - number of joint positions sent : 6
22:09:29 setLeftEEInertialTransform :INFO- IK solve successful
motion_server: 22:09:29 - IK solve successful
22:09:29 setLeftEEInertialTransform :INFO- No collision
motion_server: 22:09:29 - No collision
22:09:29 setLeftLimbPositionLinear :DEBUG- number of joint positions sent : 6 and duration is 0
motion_server: 22:09:29 - number of joint positions sent : 6 and duration is 0
22:09:29 setLeftLimbPosition :DEBUG- number of joint positions sent : 6
motion_server: 22:09:29 - number of joint positions sent : 6
22:09:30 setLeftEEInertialTransform :INFO- IK solve successful
motion_server: 22:09:30 - IK solve successful
22:09:30 setLeftEEInertialTransform :INFO- No collision
motion_server: 22:09:30 - No collision
22:09:30 setLeftLimbPositionLinear :DEBUG- number of joint positions sent : 6 and duration is 0
motion_server: 22:09:30 - number of joint positions sent : 6 and duration is 0
22:09:30 setLeftLimbPosition :DEBUG- number of joint positions sent : 6
motion_server: 22:09:30 - number of joint positions sent : 6
22:09:30 setLeftEEInertialTransform :INFO- IK solve successful
motion_server: 22:09:30 - IK solve successful
22:09:30 setLeftEEInertialTransform :INFO- No collision
motion_server: 22:09:30 - No collision
22:09:30 setLeftLimbPositionLinear :DEBUG- number of joint positions sent : 6 and duration is 0
motion_server: 22:09:30 - number of joint positions sent : 6 and duration is 0
22:09:30 setLeftLimbPosition :DEBUG- number of joint positions sent : 6
motion_server: 22:09:30 - number of joint positions sent : 6
22:09:30 setLeftEEInertialTransform :INFO- IK solve successful
motion_server: 22:09:30 - IK solve successful
22:09:30 setLeftEEInertialTransform :INFO- No collision
motion_server: 22:09:30 - No collision
22:09:30 setLeftLimbPositionLinear :DEBUG- number of joint positions sent : 6 and duration is 0
motion_server: 22:09:30 - number of joint positions sent : 6 and duration is 0
22:09:30 setLeftEEInertialTransform :INFO- IK solve successful
motion_server: 22:09:30 - IK solve successful
22:09:30 setLeftEEInertialTransform :INFO- No collision
motion_server: 22:09:30 - No collision
22:09:30 setLeftLimbPositionLinear :DEBUG- number of joint positions sent : 6 and duration is 0
22:09:30 setLeftLimbPosition :DEBUG- number of joint positions sent : 6
motion_server: 22:09:30 - number of joint positions sent : 6
motion_server: 22:09:30 - number of joint positions sent : 6 and duration is 0
22:09:30 setLeftLimbPosition :DEBUG- number of joint positions sent : 6
motion_server: 22:09:30 - number of joint positions sent : 6
22:09:30 setLeftEEInertialTransform :INFO- IK solve successful
motion_server: 22:09:30 - IK solve successful
22:09:30 setLeftEEInertialTransform :INFO- No collision
motion_server: 22:09:30 - No collision
22:09:30 setLeftLimbPositionLinear :DEBUG- number of joint positions sent : 6 and duration is 0
motion_server: 22:09:30 - number of joint positions sent : 6 and duration is 0
22:09:31 setLeftLimbPosition :DEBUG- number of joint positions sent : 6
motion_server: 22:09:31 - number of joint positions sent : 6
22:09:31 setLeftEEInertialTransform :INFO- IK solve successful
motion_server: 22:09:31 - IK solve successful
22:09:31 setLeftEEInertialTransform :INFO- No collision
motion_server: 22:09:31 - No collision
22:09:31 setLeftLimbPositionLinear :DEBUG- number of joint positions sent : 6 and duration is 0
motion_server: 22:09:31 - number of joint positions sent : 6 and duration is 0
22:09:31 setLeftLimbPosition :DEBUG- number of joint positions sent : 6
motion_server: 22:09:31 - number of joint positions sent : 6
22:09:31 setLeftEEInertialTransform :INFO- IK solve successful
motion_server: 22:09:31 - IK solve successful
22:09:31 setLeftEEInertialTransform :INFO- No collision
motion_server: 22:09:31 - No collision
22:09:31 setLeftLimbPositionLinear :DEBUG- number of joint positions sent : 6 and duration is 0
motion_server: 22:09:31 - number of joint positions sent : 6 and duration is 0
22:09:31 setLeftLimbPosition :DEBUG- number of joint positions sent : 6
motion_server: 22:09:31 - number of joint positions sent : 6
22:09:31 setLeftEEInertialTransform :INFO- IK solve successful
motion_server: 22:09:31 - IK solve successful
22:09:31 setLeftEEInertialTransform :INFO- No collision
motion_server: 22:09:31 - No collision
22:09:31 setLeftLimbPositionLinear :DEBUG- number of joint positions sent : 6 and duration is 0
motion_server: 22:09:31 - number of joint positions sent : 6 and duration is 0
22:09:31 setLeftLimbPosition :DEBUG- number of joint positions sent : 6
motion_server: 22:09:31 - number of joint positions sent : 6
22:09:31 setLeftEEInertialTransform :INFO- IK solve successful
motion_server: 22:09:31 - IK solve successful
22:09:31 setLeftEEInertialTransform :INFO- No collision
motion_server: 22:09:31 - No collision
22:09:31 setLeftLimbPositionLinear :DEBUG- number of joint positions sent : 6 and duration is 0
motion_server: 22:09:31 - number of joint positions sent : 6 and duration is 0
22:09:31 setLeftLimbPosition :DEBUG- number of joint positions sent : 6
motion_server: 22:09:31 - number of joint positions sent : 6
22:09:31 setLeftEEInertialTransform :INFO- IK solve successful
motion_server: 22:09:31 - IK solve successful
22:09:31 setLeftEEInertialTransform :INFO- No collision
motion_server: 22:09:31 - No collision
22:09:31 setLeftLimbPositionLinear :DEBUG- number of joint positions sent : 6 and duration is 0
motion_server: 22:09:31 - number of joint positions sent : 6 and duration is 0
22:09:31 setLeftLimbPosition :DEBUG- number of joint positions sent : 6
motion_server: 22:09:31 - number of joint positions sent : 6
22:12:44 setLeftEEInertialTransform :INFO- IK solve successful
motion_server: 22:12:44 - IK solve successful
22:12:44 setLeftEEInertialTransform :INFO- No collision
motion_server: 22:12:44 - No collision
22:12:44 setLeftLimbPositionLinear :DEBUG- number of joint positions sent : 6 and duration is 0
motion_server: 22:12:44 - number of joint positions sent : 6 and duration is 0
22:12:44 setLeftLimbPosition :DEBUG- number of joint positions sent : 6
motion_server: 22:12:44 - number of joint positions sent : 6
22:12:44 setLeftEEInertialTransform :INFO- IK solve successful
motion_server: 22:12:44 - IK solve successful
22:12:44 setLeftEEInertialTransform :INFO- No collision
motion_server: 22:12:44 - No collision
22:12:44 setLeftLimbPositionLinear :DEBUG- number of joint positions sent : 6 and duration is 0
motion_server: 22:12:44 - number of joint positions sent : 6 and duration is 0
22:12:44 setLeftLimbPosition :DEBUG- number of joint positions sent : 6
motion_server: 22:12:44 - number of joint positions sent : 6
22:12:44 setLeftEEInertialTransform :INFO- IK solve successful
motion_server: 22:12:44 - IK solve successful
22:12:44 setLeftEEInertialTransform :INFO- No collision
motion_server: 22:12:44 - No collision
22:12:44 setLeftLimbPositionLinear :DEBUG- number of joint positions sent : 6 and duration is 0
motion_server: 22:12:44 - number of joint positions sent : 6 and duration is 0
22:12:45 setLeftLimbPosition :DEBUG- number of joint positions sent : 6
motion_server: 22:12:45 - number of joint positions sent : 6
22:12:45 setLeftEEInertialTransform :INFO- IK solve successful
motion_server: 22:12:45 - IK solve successful
22:12:45 setLeftEEInertialTransform :INFO- No collision
motion_server: 22:12:45 - No collision
22:12:45 setLeftLimbPositionLinear :DEBUG- number of joint positions sent : 6 and duration is 0
motion_server: 22:12:45 - number of joint positions sent : 6 and duration is 0
22:12:45 setLeftLimbPosition :DEBUG- number of joint positions sent : 6
motion_server: 22:12:45 - number of joint positions sent : 6
22:12:45 setLeftEEInertialTransform :INFO- IK solve successful
motion_server: 22:12:45 - IK solve successful
22:12:45 setLeftEEInertialTransform :INFO- No collision
motion_server: 22:12:45 - No collision
22:12:45 setLeftLimbPositionLinear :DEBUG- number of joint positions sent : 6 and duration is 0
motion_server: 22:12:45 - number of joint positions sent : 6 and duration is 0
22:12:45 setLeftLimbPosition :DEBUG- number of joint positions sent : 6
motion_server: 22:12:45 - number of joint positions sent : 6
22:12:45 setLeftEEInertialTransform :INFO- IK solve successful
motion_server: 22:12:45 - IK solve successful
22:12:45 setLeftEEInertialTransform :INFO- No collision
motion_server: 22:12:45 - No collision
22:12:45 setLeftLimbPositionLinear :DEBUG- number of joint positions sent : 6 and duration is 0
motion_server: 22:12:45 - number of joint positions sent : 6 and duration is 0
22:12:45 setLeftEEInertialTransform :INFO- IK solve successful
motion_server: 22:12:45 - IK solve successful
22:12:45 setLeftEEInertialTransform :INFO- No collision
motion_server: 22:12:45 - No collision
22:12:45 setLeftLimbPositionLinear :DEBUG- number of joint positions sent : 6 and duration is 0
motion_server: 22:12:45 - number of joint positions sent : 6 and duration is 0
22:12:45 setLeftLimbPosition :DEBUG- number of joint positions sent : 6
motion_server: 22:12:45 - number of joint positions sent : 6
22:12:45 setLeftEEInertialTransform :INFO- IK solve successful
motion_server: 22:12:45 - IK solve successful
22:12:45 setLeftEEInertialTransform :INFO- No collision
motion_server: 22:12:45 - No collision
22:12:45 setLeftLimbPositionLinear :DEBUG- number of joint positions sent : 6 and duration is 0
motion_server: 22:12:45 - number of joint positions sent : 6 and duration is 0
22:12:45 setLeftLimbPosition :DEBUG- number of joint positions sent : 6
motion_server: 22:12:45 - number of joint positions sent : 6
22:12:45 setLeftEEInertialTransform :INFO- IK solve successful
motion_server: 22:12:45 - IK solve successful
22:12:45 setLeftEEInertialTransform :INFO- No collision
motion_server: 22:12:45 - No collision
22:12:45 setLeftLimbPositionLinear :DEBUG- number of joint positions sent : 6 and duration is 0
motion_server: 22:12:45 - number of joint positions sent : 6 and duration is 0
22:12:45 setLeftLimbPosition :DEBUG- number of joint positions sent : 6
motion_server: 22:12:45 - number of joint positions sent : 6
22:12:45 setLeftEEInertialTransform :INFO- IK solve successful
motion_server: 22:12:45 - IK solve successful
22:12:45 setLeftEEInertialTransform :INFO- No collision
motion_server: 22:12:45 - No collision
22:12:45 setLeftLimbPositionLinear :DEBUG- number of joint positions sent : 6 and duration is 0
motion_server: 22:12:45 - number of joint positions sent : 6 and duration is 0
22:12:46 setLeftLimbPosition :DEBUG- number of joint positions sent : 6
motion_server: 22:12:46 - number of joint positions sent : 6
22:12:46 setLeftEEInertialTransform :INFO- IK solve successful
motion_server: 22:12:46 - IK solve successful
22:12:46 setLeftEEInertialTransform :INFO- No collision
motion_server: 22:12:46 - No collision
22:12:46 setLeftLimbPositionLinear :DEBUG- number of joint positions sent : 6 and duration is 0
motion_server: 22:12:46 - number of joint positions sent : 6 and duration is 0
22:12:46 setLeftLimbPosition :DEBUG- number of joint positions sent : 6
motion_server: 22:12:46 - number of joint positions sent : 6
22:12:46 setLeftEEInertialTransform :INFO- IK solve successful
motion_server: 22:12:46 - IK solve successful
22:12:46 setLeftEEInertialTransform :INFO- No collision
motion_server: 22:12:46 - No collision
22:12:46 setLeftLimbPositionLinear :DEBUG- number of joint positions sent : 6 and duration is 0
motion_server: 22:12:46 - number of joint positions sent : 6 and duration is 0
22:12:46 setLeftLimbPosition :DEBUG- number of joint positions sent : 6
motion_server: 22:12:46 - number of joint positions sent : 6
22:12:46 setLeftEEInertialTransform :INFO- IK solve successful
motion_server: 22:12:46 - IK solve successful
22:12:46 setLeftEEInertialTransform :INFO- No collision
motion_server: 22:12:46 - No collision
22:12:46 setLeftLimbPositionLinear :DEBUG- number of joint positions sent : 6 and duration is 0
motion_server: 22:12:46 - number of joint positions sent : 6 and duration is 0
22:12:46 setLeftLimbPosition :DEBUG- number of joint positions sent : 6
motion_server: 22:12:46 - number of joint positions sent : 6
22:12:46 setLeftEEInertialTransform :INFO- IK solve successful
motion_server: 22:12:46 - IK solve successful
22:12:46 setLeftEEInertialTransform :INFO- No collision
motion_server: 22:12:46 - No collision
22:12:46 setLeftLimbPositionLinear :DEBUG- number of joint positions sent : 6 and duration is 0
motion_server: 22:12:46 - number of joint positions sent : 6 and duration is 0
22:12:46 setLeftLimbPosition :DEBUG- number of joint positions sent : 6
motion_server: 22:12:46 - number of joint positions sent : 6
22:12:46 setLeftEEInertialTransform :INFO- IK solve successful
motion_server: 22:12:46 - IK solve successful
22:12:46 setLeftEEInertialTransform :INFO- No collision
motion_server: 22:12:46 - No collision
22:12:46 setLeftLimbPositionLinear :DEBUG- number of joint positions sent : 6 and duration is 0
motion_server: 22:12:46 - number of joint positions sent : 6 and duration is 0
22:12:46 setLeftLimbPosition :DEBUG- number of joint positions sent : 6
motion_server: 22:12:46 - number of joint positions sent : 6
22:12:46 setLeftEEInertialTransform :INFO- IK solve successful
motion_server: 22:12:46 - IK solve successful
22:12:47 setLeftEEInertialTransform :INFO- No collision
motion_server: 22:12:47 - No collision
22:12:47 setLeftLimbPositionLinear :DEBUG- number of joint positions sent : 6 and duration is 0
motion_server: 22:12:47 - number of joint positions sent : 6 and duration is 0
22:12:47 setLeftLimbPosition :DEBUG- number of joint positions sent : 6
motion_server: 22:12:47 - number of joint positions sent : 6
22:12:47 setLeftEEInertialTransform :INFO- IK solve successful
motion_server: 22:12:47 - IK solve successful
22:12:47 setLeftEEInertialTransform :INFO- No collision
motion_server: 22:12:47 - No collision
22:12:47 setLeftLimbPositionLinear :DEBUG- number of joint positions sent : 6 and duration is 0
motion_server: 22:12:47 - number of joint positions sent : 6 and duration is 0
22:12:47 setLeftLimbPosition :DEBUG- number of joint positions sent : 6
motion_server: 22:12:47 - number of joint positions sent : 6
22:12:47 setLeftEEInertialTransform :INFO- IK solve successful
motion_server: 22:12:47 - IK solve successful
22:12:47 setLeftEEInertialTransform :INFO- No collision
motion_server: 22:12:47 - No collision
22:12:47 setLeftLimbPositionLinear :DEBUG- number of joint positions sent : 6 and duration is 0
motion_server: 22:12:47 - number of joint positions sent : 6 and duration is 0
22:12:47 setLeftLimbPosition :DEBUG- number of joint positions sent : 6
motion_server: 22:12:47 - number of joint positions sent : 6
22:12:59 setLeftEEInertialTransform :INFO- IK solve successful
motion_server: 22:12:59 - IK solve successful
22:12:59 setLeftEEInertialTransform :INFO- No collision
motion_server: 22:12:59 - No collision
22:12:59 setLeftLimbPositionLinear :DEBUG- number of joint positions sent : 6 and duration is 0
motion_server: 22:12:59 - number of joint positions sent : 6 and duration is 0
22:12:59 setLeftLimbPosition :DEBUG- number of joint positions sent : 6
motion_server: 22:12:59 - number of joint positions sent : 6
22:12:59 setLeftEEInertialTransform :INFO- IK solve successful
motion_server: 22:12:59 - IK solve successful
22:12:59 setLeftEEInertialTransform :INFO- No collision
motion_server: 22:12:59 - No collision
22:12:59 setLeftLimbPositionLinear :DEBUG- number of joint positions sent : 6 and duration is 0
motion_server: 22:12:59 - number of joint positions sent : 6 and duration is 0
22:12:59 setLeftLimbPosition :DEBUG- number of joint positions sent : 6
motion_server: 22:12:59 - number of joint positions sent : 6
22:12:59 setLeftEEInertialTransform :INFO- IK solve successful
motion_server: 22:12:59 - IK solve successful
22:12:59 setLeftEEInertialTransform :INFO- No collision
motion_server: 22:12:59 - No collision
22:12:59 setLeftLimbPositionLinear :DEBUG- number of joint positions sent : 6 and duration is 0
motion_server: 22:12:59 - number of joint positions sent : 6 and duration is 0
22:12:59 setLeftLimbPosition :DEBUG- number of joint positions sent : 6
motion_server: 22:12:59 - number of joint positions sent : 6
22:12:59 setLeftEEInertialTransform :INFO- IK solve successful
motion_server: 22:12:59 - IK solve successful
22:12:59 setLeftEEInertialTransform :INFO- No collision
motion_server: 22:12:59 - No collision
22:12:59 setLeftLimbPositionLinear :DEBUG- number of joint positions sent : 6 and duration is 0
motion_server: 22:12:59 - number of joint positions sent : 6 and duration is 0
22:13:00 setLeftLimbPosition :DEBUG- number of joint positions sent : 6
motion_server: 22:13:00 - number of joint positions sent : 6
22:13:00 setLeftEEInertialTransform :INFO- IK solve successful
motion_server: 22:13:00 - IK solve successful
22:13:00 setLeftEEInertialTransform :INFO- No collision
motion_server: 22:13:00 - No collision
22:13:00 setLeftLimbPositionLinear :DEBUG- number of joint positions sent : 6 and duration is 0
motion_server: 22:13:00 - number of joint positions sent : 6 and duration is 0
22:13:00 setLeftLimbPosition :DEBUG- number of joint positions sent : 6
motion_server: 22:13:00 - number of joint positions sent : 6
22:13:00 setLeftEEInertialTransform :INFO- IK solve successful
motion_server: 22:13:00 - IK solve successful
22:13:00 setLeftEEInertialTransform :INFO- No collision
motion_server: 22:13:00 - No collision
22:13:00 setLeftLimbPositionLinear :DEBUG- number of joint positions sent : 6 and duration is 0
motion_server: 22:13:00 - number of joint positions sent : 6 and duration is 0
22:13:00 setLeftEEInertialTransform :INFO- IK solve successful
motion_server: 22:13:00 - IK solve successful
22:13:00 setLeftEEInertialTransform :INFO- No collision
motion_server: 22:13:00 - No collision
22:13:00 setLeftLimbPositionLinear :DEBUG- number of joint positions sent : 6 and duration is 0
motion_server: 22:13:00 - number of joint positions sent : 6 and duration is 0
22:13:00 setLeftLimbPosition :DEBUG- number of joint positions sent : 6
motion_server: 22:13:00 - number of joint positions sent : 6
22:13:00 setLeftEEInertialTransform :INFO- IK solve successful
motion_server: 22:13:00 - IK solve successful
22:13:00 setLeftEEInertialTransform :INFO- No collision
motion_server: 22:13:00 - No collision
22:13:00 setLeftLimbPositionLinear :DEBUG- number of joint positions sent : 6 and duration is 0
motion_server: 22:13:00 - number of joint positions sent : 6 and duration is 0
22:13:00 setLeftLimbPosition :DEBUG- number of joint positions sent : 6
motion_server: 22:13:00 - number of joint positions sent : 6
22:13:00 setLeftEEInertialTransform :INFO- IK solve successful
motion_server: 22:13:00 - IK solve successful
22:13:00 setLeftEEInertialTransform :INFO- No collision
motion_server: 22:13:00 - No collision
22:13:00 setLeftLimbPositionLinear :DEBUG- number of joint positions sent : 6 and duration is 0
motion_server: 22:13:00 - number of joint positions sent : 6 and duration is 0
22:13:00 setLeftLimbPosition :DEBUG- number of joint positions sent : 6
motion_server: 22:13:00 - number of joint positions sent : 6
22:13:00 setLeftEEInertialTransform :INFO- IK solve successful
motion_server: 22:13:00 - IK solve successful
22:13:00 setLeftEEInertialTransform :INFO- No collision
motion_server: 22:13:00 - No collision
22:13:00 setLeftLimbPositionLinear :DEBUG- number of joint positions sent : 6 and duration is 0
motion_server: 22:13:00 - number of joint positions sent : 6 and duration is 0
22:13:01 setLeftLimbPosition :DEBUG- number of joint positions sent : 6
motion_server: 22:13:01 - number of joint positions sent : 6
22:15:49 setLeftEEInertialTransform :INFO- IK solve successful
motion_server: 22:15:49 - IK solve successful
22:15:49 setLeftEEInertialTransform :INFO- No collision
motion_server: 22:15:49 - No collision
22:15:49 setLeftLimbPositionLinear :DEBUG- number of joint positions sent : 6 and duration is 0
motion_server: 22:15:49 - number of joint positions sent : 6 and duration is 0
22:15:49 setLeftLimbPosition :DEBUG- number of joint positions sent : 6
motion_server: 22:15:49 - number of joint positions sent : 6
22:15:49 setLeftEEInertialTransform :INFO- IK solve successful
motion_server: 22:15:49 - IK solve successful
22:15:49 setLeftEEInertialTransform :INFO- No collision
motion_server: 22:15:49 - No collision
22:15:49 setLeftLimbPositionLinear :DEBUG- number of joint positions sent : 6 and duration is 0
motion_server: 22:15:49 - number of joint positions sent : 6 and duration is 0
22:15:49 setLeftLimbPosition :DEBUG- number of joint positions sent : 6
motion_server: 22:15:49 - number of joint positions sent : 6
22:15:49 setLeftEEInertialTransform :INFO- IK solve successful
motion_server: 22:15:49 - IK solve successful
22:15:50 setLeftEEInertialTransform :INFO- No collision
motion_server: 22:15:50 - No collision
22:15:50 setLeftLimbPositionLinear :DEBUG- number of joint positions sent : 6 and duration is 0
motion_server: 22:15:50 - number of joint positions sent : 6 and duration is 0
22:15:50 setLeftLimbPosition :DEBUG- number of joint positions sent : 6
motion_server: 22:15:50 - number of joint positions sent : 6
22:15:50 setLeftEEInertialTransform :INFO- IK solve successful
motion_server: 22:15:50 - IK solve successful
22:15:50 setLeftEEInertialTransform :INFO- No collision
motion_server: 22:15:50 - No collision
22:15:50 setLeftLimbPositionLinear :DEBUG- number of joint positions sent : 6 and duration is 0
motion_server: 22:15:50 - number of joint positions sent : 6 and duration is 0
22:15:50 setLeftLimbPosition :DEBUG- number of joint positions sent : 6
motion_server: 22:15:50 - number of joint positions sent : 6
22:15:50 setLeftEEInertialTransform :INFO- IK solve successful
motion_server: 22:15:50 - IK solve successful
22:15:50 setLeftEEInertialTransform :INFO- No collision
motion_server: 22:15:50 - No collision
22:15:50 setLeftLimbPositionLinear :DEBUG- number of joint positions sent : 6 and duration is 0
motion_server: 22:15:50 - number of joint positions sent : 6 and duration is 0
22:15:50 setLeftEEInertialTransform :INFO- IK solve successful
motion_server: 22:15:50 - IK solve successful
22:15:50 setLeftEEInertialTransform :INFO- No collision
motion_server: 22:15:50 - No collision
22:15:50 setLeftLimbPositionLinear :DEBUG- number of joint positions sent : 6 and duration is 0
motion_server: 22:15:50 - number of joint positions sent : 6 and duration is 0
22:15:50 setLeftLimbPosition :DEBUG- number of joint positions sent : 6
motion_server: 22:15:50 - number of joint positions sent : 6
22:15:50 setLeftEEInertialTransform :INFO- IK solve successful
motion_server: 22:15:50 - IK solve successful
22:15:50 setLeftEEInertialTransform :INFO- No collision
motion_server: 22:15:50 - No collision
22:15:50 setLeftLimbPositionLinear :DEBUG- number of joint positions sent : 6 and duration is 0
motion_server: 22:15:50 - number of joint positions sent : 6 and duration is 0
22:15:50 setLeftLimbPosition :DEBUG- number of joint positions sent : 6
motion_server: 22:15:50 - number of joint positions sent : 6
22:15:50 setLeftEEInertialTransform :INFO- IK solve successful
motion_server: 22:15:50 - IK solve successful
22:15:50 setLeftEEInertialTransform :INFO- No collision
motion_server: 22:15:50 - No collision
22:15:50 setLeftLimbPositionLinear :DEBUG- number of joint positions sent : 6 and duration is 0
motion_server: 22:15:50 - number of joint positions sent : 6 and duration is 0
22:15:50 setLeftLimbPosition :DEBUG- number of joint positions sent : 6
motion_server: 22:15:50 - number of joint positions sent : 6
22:15:54 setLeftEEInertialTransform :INFO- IK solve successful
motion_server: 22:15:54 - IK solve successful
22:15:54 setLeftEEInertialTransform :INFO- No collision
motion_server: 22:15:54 - No collision
22:15:54 setLeftLimbPositionLinear :DEBUG- number of joint positions sent : 6 and duration is 0
motion_server: 22:15:54 - number of joint positions sent : 6 and duration is 0
22:15:54 setLeftEEInertialTransform :INFO- IK solve successful
motion_server: 22:15:54 - IK solve successful
22:15:54 setLeftEEInertialTransform :INFO- No collision
motion_server: 22:15:54 - No collision
22:15:54 setLeftLimbPositionLinear :DEBUG- number of joint positions sent : 6 and duration is 0
motion_server: 22:15:54 - number of joint positions sent : 6 and duration is 0
22:15:54 setLeftLimbPosition :DEBUG- number of joint positions sent : 6
motion_server: 22:15:54 - number of joint positions sent : 6
22:15:54 setLeftEEInertialTransform :INFO- IK solve successful
motion_server: 22:15:54 - IK solve successful
22:15:54 setLeftEEInertialTransform :INFO- No collision
motion_server: 22:15:54 - No collision
22:15:54 setLeftLimbPositionLinear :DEBUG- number of joint positions sent : 6 and duration is 0
motion_server: 22:15:54 - number of joint positions sent : 6 and duration is 0
22:15:54 setLeftLimbPosition :DEBUG- number of joint positions sent : 6
motion_server: 22:15:54 - number of joint positions sent : 6
22:15:54 setLeftEEInertialTransform :INFO- IK solve successful
motion_server: 22:15:54 - IK solve successful
22:15:54 setLeftEEInertialTransform :INFO- No collision
motion_server: 22:15:54 - No collision
22:15:54 setLeftLimbPositionLinear :DEBUG- number of joint positions sent : 6 and duration is 0
motion_server: 22:15:54 - number of joint positions sent : 6 and duration is 0
22:15:54 setLeftLimbPosition :DEBUG- number of joint positions sent : 6
motion_server: 22:15:54 - number of joint positions sent : 6
22:15:54 setLeftEEInertialTransform :INFO- IK solve successful
motion_server: 22:15:54 - IK solve successful
22:15:54 setLeftEEInertialTransform :INFO- No collision
motion_server: 22:15:54 - No collision
22:15:54 setLeftLimbPositionLinear :DEBUG- number of joint positions sent : 6 and duration is 0
motion_server: 22:15:54 - number of joint positions sent : 6 and duration is 0
22:15:55 setLeftLimbPosition :DEBUG- number of joint positions sent : 6
motion_server: 22:15:55 - number of joint positions sent : 6
22:15:55 setLeftEEInertialTransform :INFO- IK solve successful
motion_server: 22:15:55 - IK solve successful
22:15:55 setLeftEEInertialTransform :INFO- No collision
motion_server: 22:15:55 - No collision
22:15:55 setLeftLimbPositionLinear :DEBUG- number of joint positions sent : 6 and duration is 0
motion_server: 22:15:55 - number of joint positions sent : 6 and duration is 0
22:15:55 setLeftLimbPosition :DEBUG- number of joint positions sent : 6
motion_server: 22:15:55 - number of joint positions sent : 6
22:15:55 setLeftEEInertialTransform :INFO- IK solve successful
motion_server: 22:15:55 - IK solve successful
22:15:55 setLeftEEInertialTransform :INFO- No collision
motion_server: 22:15:55 - No collision
22:15:55 setLeftLimbPositionLinear :DEBUG- number of joint positions sent : 6 and duration is 0
motion_server: 22:15:55 - number of joint positions sent : 6 and duration is 0
22:15:55 setLeftLimbPosition :DEBUG- number of joint positions sent : 6
motion_server: 22:15:55 - number of joint positions sent : 6
22:15:55 setLeftEEInertialTransform :INFO- IK solve successful
motion_server: 22:15:55 - IK solve successful
22:15:55 setLeftEEInertialTransform :INFO- No collision
motion_server: 22:15:55 - No collision
22:15:55 setLeftLimbPositionLinear :DEBUG- number of joint positions sent : 6 and duration is 0
motion_server: 22:15:55 - number of joint positions sent : 6 and duration is 0
22:15:55 setLeftEEInertialTransform :INFO- IK solve successful
motion_server: 22:15:55 - IK solve successful
22:15:55 setLeftEEInertialTransform :INFO- No collision
motion_server: 22:15:55 - No collision
22:15:55 setLeftLimbPositionLinear :DEBUG- number of joint positions sent : 6 and duration is 0
motion_server: 22:15:55 - number of joint positions sent : 6 and duration is 0
22:15:55 setLeftLimbPosition :DEBUG- number of joint positions sent : 6
motion_server: 22:15:55 - number of joint positions sent : 6
22:15:55 setLeftEEInertialTransform :INFO- IK solve successful
motion_server: 22:15:55 - IK solve successful
22:15:55 setLeftEEInertialTransform :INFO- No collision
motion_server: 22:15:55 - No collision
22:15:55 setLeftLimbPositionLinear :DEBUG- number of joint positions sent : 6 and duration is 0
motion_server: 22:15:55 - number of joint positions sent : 6 and duration is 0
22:15:55 setLeftLimbPosition :DEBUG- number of joint positions sent : 6
motion_server: 22:15:55 - number of joint positions sent : 6
22:15:55 setLeftEEInertialTransform :INFO- IK solve successful
motion_server: 22:15:55 - IK solve successful
22:15:55 setLeftEEInertialTransform :INFO- No collision
motion_server: 22:15:55 - No collision
22:15:55 setLeftLimbPositionLinear :DEBUG- number of joint positions sent : 6 and duration is 0
motion_server: 22:15:55 - number of joint positions sent : 6 and duration is 0
22:15:55 setLeftLimbPosition :DEBUG- number of joint positions sent : 6
motion_server: 22:15:55 - number of joint positions sent : 6
22:15:55 setLeftEEInertialTransform :INFO- IK solve successful
motion_server: 22:15:55 - IK solve successful
22:15:55 setLeftEEInertialTransform :INFO- No collision
motion_server: 22:15:55 - No collision
22:15:55 setLeftLimbPositionLinear :DEBUG- number of joint positions sent : 6 and duration is 0
motion_server: 22:15:55 - number of joint positions sent : 6 and duration is 0
22:15:56 setLeftLimbPosition :DEBUG- number of joint positions sent : 6
motion_server: 22:15:56 - number of joint positions sent : 6
22:15:56 setLeftEEInertialTransform :INFO- IK solve successful
motion_server: 22:15:56 - IK solve successful
22:15:56 setLeftEEInertialTransform :INFO- No collision
motion_server: 22:15:56 - No collision
22:15:56 setLeftLimbPositionLinear :DEBUG- number of joint positions sent : 6 and duration is 0
motion_server: 22:15:56 - number of joint positions sent : 6 and duration is 0
22:15:56 setLeftLimbPosition :DEBUG- number of joint positions sent : 6
motion_server: 22:15:56 - number of joint positions sent : 6
22:15:56 setLeftEEInertialTransform :INFO- IK solve successful
motion_server: 22:15:56 - IK solve successful
22:15:56 setLeftEEInertialTransform :INFO- No collision
motion_server: 22:15:56 - No collision
22:15:56 setLeftLimbPositionLinear :DEBUG- number of joint positions sent : 6 and duration is 0
motion_server: 22:15:56 - number of joint positions sent : 6 and duration is 0
22:15:56 setLeftEEInertialTransform :INFO- IK solve successful
motion_server: 22:15:56 - IK solve successful
22:15:56 setLeftEEInertialTransform :INFO- No collision
motion_server: 22:15:56 - No collision
22:15:56 setLeftLimbPositionLinear :DEBUG- number of joint positions sent : 6 and duration is 0
motion_server: 22:15:56 - number of joint positions sent : 6 and duration is 0
22:15:56 setLeftLimbPosition :DEBUG- number of joint positions sent : 6
motion_server: 22:15:56 - number of joint positions sent : 6
22:15:56 setLeftEEInertialTransform :INFO- IK solve successful
motion_server: 22:15:56 - IK solve successful
22:15:56 setLeftEEInertialTransform :INFO- No collision
motion_server: 22:15:56 - No collision
22:15:56 setLeftLimbPositionLinear :DEBUG- number of joint positions sent : 6 and duration is 0
motion_server: 22:15:56 - number of joint positions sent : 6 and duration is 0
22:15:56 setLeftLimbPosition :DEBUG- number of joint positions sent : 6
motion_server: 22:15:56 - number of joint positions sent : 6
22:15:56 setLeftEEInertialTransform :INFO- IK solve successful
motion_server: 22:15:56 - IK solve successful
22:15:56 setLeftEEInertialTransform :INFO- No collision
motion_server: 22:15:56 - No collision
22:15:56 setLeftLimbPositionLinear :DEBUG- number of joint positions sent : 6 and duration is 0
motion_server: 22:15:56 - number of joint positions sent : 6 and duration is 0
22:15:56 setLeftLimbPosition :DEBUG- number of joint positions sent : 6
motion_server: 22:15:56 - number of joint positions sent : 6
22:15:56 setLeftEEInertialTransform :INFO- IK solve successful
motion_server: 22:15:56 - IK solve successful
22:15:56 setLeftEEInertialTransform :INFO- No collision
motion_server: 22:15:56 - No collision
22:15:56 setLeftLimbPositionLinear :DEBUG- number of joint positions sent : 6 and duration is 0
motion_server: 22:15:56 - number of joint positions sent : 6 and duration is 0
22:15:56 setLeftLimbPosition :DEBUG- number of joint positions sent : 6
motion_server: 22:15:56 - number of joint positions sent : 6
22:15:57 setLeftEEInertialTransform :INFO- IK solve successful
motion_server: 22:15:57 - IK solve successful
22:15:57 setLeftEEInertialTransform :INFO- No collision
motion_server: 22:15:57 - No collision
22:15:57 setLeftLimbPositionLinear :DEBUG- number of joint positions sent : 6 and duration is 0
motion_server: 22:15:57 - number of joint positions sent : 6 and duration is 0
22:15:57 setLeftEEInertialTransform :INFO- IK solve successful
motion_server: 22:15:57 - IK solve successful
22:15:57 setLeftEEInertialTransform :INFO- No collision
motion_server: 22:15:57 - No collision
22:15:57 setLeftLimbPositionLinear :DEBUG- number of joint positions sent : 6 and duration is 0
motion_server: 22:15:57 - number of joint positions sent : 6 and duration is 0
22:15:57 setLeftLimbPosition :DEBUG- number of joint positions sent : 6
motion_server: 22:15:57 - number of joint positions sent : 6
22:15:57 setLeftEEInertialTransform :INFO- IK solve successful
motion_server: 22:15:57 - IK solve successful
22:15:57 setLeftEEInertialTransform :INFO- No collision
motion_server: 22:15:57 - No collision
22:15:57 setLeftLimbPositionLinear :DEBUG- number of joint positions sent : 6 and duration is 0
motion_server: 22:15:57 - number of joint positions sent : 6 and duration is 0
22:15:57 setLeftLimbPosition :DEBUG- number of joint positions sent : 6
motion_server: 22:15:57 - number of joint positions sent : 6
22:15:58 setLeftEEInertialTransform :INFO- IK solve successful
motion_server: 22:15:58 - IK solve successful
22:15:58 setLeftEEInertialTransform :INFO- No collision
motion_server: 22:15:58 - No collision
22:15:58 setLeftLimbPositionLinear :DEBUG- number of joint positions sent : 6 and duration is 0
motion_server: 22:15:58 - number of joint positions sent : 6 and duration is 0
22:15:58 setLeftLimbPosition :DEBUG- number of joint positions sent : 6
motion_server: 22:15:58 - number of joint positions sent : 6
22:15:58 setLeftEEInertialTransform :INFO- IK solve successful
motion_server: 22:15:58 - IK solve successful
22:15:58 setLeftEEInertialTransform :INFO- No collision
motion_server: 22:15:58 - No collision
22:15:58 setLeftLimbPositionLinear :DEBUG- number of joint positions sent : 6 and duration is 0
motion_server: 22:15:58 - number of joint positions sent : 6 and duration is 0
22:15:59 setLeftLimbPosition :DEBUG- number of joint positions sent : 6
motion_server: 22:15:59 - number of joint positions sent : 6
22:15:59 setLeftEEInertialTransform :INFO- IK solve successful
motion_server: 22:15:59 - IK solve successful
22:15:59 setLeftEEInertialTransform :INFO- No collision
motion_server: 22:15:59 - No collision
22:15:59 setLeftLimbPositionLinear :DEBUG- number of joint positions sent : 6 and duration is 0
motion_server: 22:15:59 - number of joint positions sent : 6 and duration is 0
22:15:59 setLeftLimbPosition :DEBUG- number of joint positions sent : 6
motion_server: 22:15:59 - number of joint positions sent : 6
22:15:59 setLeftEEInertialTransform :INFO- IK solve successful
motion_server: 22:15:59 - IK solve successful
22:15:59 setLeftEEInertialTransform :INFO- No collision
motion_server: 22:15:59 - No collision
22:15:59 setLeftLimbPositionLinear :DEBUG- number of joint positions sent : 6 and duration is 0
motion_server: 22:15:59 - number of joint positions sent : 6 and duration is 0
22:15:59 setLeftLimbPosition :DEBUG- number of joint positions sent : 6
motion_server: 22:15:59 - number of joint positions sent : 6
22:15:59 setLeftEEInertialTransform :INFO- IK solve successful
motion_server: 22:15:59 - IK solve successful
22:15:59 setLeftEEInertialTransform :INFO- No collision
motion_server: 22:15:59 - No collision
22:15:59 setLeftLimbPositionLinear :DEBUG- number of joint positions sent : 6 and duration is 0
motion_server: 22:15:59 - number of joint positions sent : 6 and duration is 0
22:15:59 setLeftLimbPosition :DEBUG- number of joint positions sent : 6
motion_server: 22:15:59 - number of joint positions sent : 6
22:15:59 setLeftEEInertialTransform :INFO- IK solve successful
motion_server: 22:15:59 - IK solve successful
22:15:59 setLeftEEInertialTransform :INFO- No collision
motion_server: 22:15:59 - No collision
22:15:59 setLeftLimbPositionLinear :DEBUG- number of joint positions sent : 6 and duration is 0
motion_server: 22:15:59 - number of joint positions sent : 6 and duration is 0
22:15:59 setLeftLimbPosition :DEBUG- number of joint positions sent : 6
motion_server: 22:15:59 - number of joint positions sent : 6
22:15:59 setLeftEEInertialTransform :INFO- IK solve successful
motion_server: 22:15:59 - IK solve successful
22:15:59 setLeftEEInertialTransform :INFO- No collision
motion_server: 22:15:59 - No collision
22:16:00 setLeftLimbPositionLinear :DEBUG- number of joint positions sent : 6 and duration is 0
motion_server: 22:16:00 - number of joint positions sent : 6 and duration is 0
22:16:00 setLeftLimbPosition :DEBUG- number of joint positions sent : 6
motion_server: 22:16:00 - number of joint positions sent : 6
22:16:00 setLeftEEInertialTransform :INFO- IK solve successful
motion_server: 22:16:00 - IK solve successful
22:16:00 setLeftEEInertialTransform :INFO- No collision
motion_server: 22:16:00 - No collision
22:16:00 setLeftLimbPositionLinear :DEBUG- number of joint positions sent : 6 and duration is 0
motion_server: 22:16:00 - number of joint positions sent : 6 and duration is 0
22:16:00 setLeftLimbPosition :DEBUG- number of joint positions sent : 6
motion_server: 22:16:00 - number of joint positions sent : 6
22:16:00 setLeftEEInertialTransform :INFO- IK solve successful
motion_server: 22:16:00 - IK solve successful
22:16:00 setLeftEEInertialTransform :INFO- No collision
motion_server: 22:16:00 - No collision
22:16:00 setLeftLimbPositionLinear :DEBUG- number of joint positions sent : 6 and duration is 0
motion_server: 22:16:00 - number of joint positions sent : 6 and duration is 0
22:16:00 setLeftEEInertialTransform :INFO- IK solve successful
motion_server: 22:16:00 - IK solve successful
22:16:00 setLeftEEInertialTransform :INFO- No collision
motion_server: 22:16:00 - No collision
22:16:00 setLeftLimbPositionLinear :DEBUG- number of joint positions sent : 6 and duration is 0
motion_server: 22:16:00 - number of joint positions sent : 6 and duration is 0
22:16:00 setLeftLimbPosition :DEBUG- number of joint positions sent : 6
motion_server: 22:16:00 - number of joint positions sent : 6
22:16:00 setLeftEEInertialTransform :INFO- IK solve successful
motion_server: 22:16:00 - IK solve successful
22:16:00 setLeftEEInertialTransform :INFO- No collision
motion_server: 22:16:00 - No collision
22:16:00 setLeftLimbPositionLinear :DEBUG- number of joint positions sent : 6 and duration is 0
motion_server: 22:16:00 - number of joint positions sent : 6 and duration is 0
22:16:00 setLeftLimbPosition :DEBUG- number of joint positions sent : 6
motion_server: 22:16:00 - number of joint positions sent : 6
22:16:00 setLeftEEInertialTransform :INFO- IK solve successful
motion_server: 22:16:00 - IK solve successful
22:16:00 setLeftEEInertialTransform :INFO- No collision
motion_server: 22:16:00 - No collision
22:16:00 setLeftLimbPositionLinear :DEBUG- number of joint positions sent : 6 and duration is 0
motion_server: 22:16:00 - number of joint positions sent : 6 and duration is 0
22:16:00 setLeftLimbPosition :DEBUG- number of joint positions sent : 6
motion_server: 22:16:00 - number of joint positions sent : 6
22:16:00 setLeftEEInertialTransform :INFO- IK solve successful
motion_server: 22:16:00 - IK solve successful
22:16:00 setLeftEEInertialTransform :INFO- No collision
motion_server: 22:16:00 - No collision
22:16:00 setLeftLimbPositionLinear :DEBUG- number of joint positions sent : 6 and duration is 0
motion_server: 22:16:00 - number of joint positions sent : 6 and duration is 0
22:16:01 setLeftLimbPosition :DEBUG- number of joint positions sent : 6
motion_server: 22:16:01 - number of joint positions sent : 6
22:16:01 setLeftEEInertialTransform :INFO- IK solve successful
motion_server: 22:16:01 - IK solve successful
22:16:01 setLeftEEInertialTransform :INFO- No collision
motion_server: 22:16:01 - No collision
22:16:01 setLeftLimbPositionLinear :DEBUG- number of joint positions sent : 6 and duration is 0
motion_server: 22:16:01 - number of joint positions sent : 6 and duration is 0
22:16:01 setLeftLimbPosition :DEBUG- number of joint positions sent : 6
motion_server: 22:16:01 - number of joint positions sent : 6
22:16:01 setLeftEEInertialTransform :INFO- IK solve successful
motion_server: 22:16:01 - IK solve successful
22:16:01 setLeftEEInertialTransform :INFO- No collision
motion_server: 22:16:01 - No collision
22:16:01 setLeftLimbPositionLinear :DEBUG- number of joint positions sent : 6 and duration is 0
motion_server: 22:16:01 - number of joint positions sent : 6 and duration is 0
22:16:01 setLeftEEInertialTransform :INFO- IK solve successful
motion_server: 22:16:01 - IK solve successful
22:16:01 setLeftEEInertialTransform :INFO- No collision
motion_server: 22:16:01 - No collision
22:16:01 setLeftLimbPositionLinear :DEBUG- number of joint positions sent : 6 and duration is 0
motion_server: 22:16:01 - number of joint positions sent : 6 and duration is 0
22:16:01 setLeftLimbPosition :DEBUG- number of joint positions sent : 6
motion_server: 22:16:01 - number of joint positions sent : 6
22:16:01 setLeftEEInertialTransform :INFO- IK solve successful
motion_server: 22:16:01 - IK solve successful
22:16:01 setLeftEEInertialTransform :INFO- No collision
motion_server: 22:16:01 - No collision
22:16:01 setLeftLimbPositionLinear :DEBUG- number of joint positions sent : 6 and duration is 0
motion_server: 22:16:01 - number of joint positions sent : 6 and duration is 0
22:16:01 setLeftLimbPosition :DEBUG- number of joint positions sent : 6
motion_server: 22:16:01 - number of joint positions sent : 6
22:16:01 setLeftEEInertialTransform :INFO- IK solve successful
motion_server: 22:16:01 - IK solve successful
22:16:01 setLeftEEInertialTransform :INFO- No collision
motion_server: 22:16:01 - No collision
22:16:01 setLeftLimbPositionLinear :DEBUG- number of joint positions sent : 6 and duration is 0
motion_server: 22:16:01 - number of joint positions sent : 6 and duration is 0
22:16:01 setLeftLimbPosition :DEBUG- number of joint positions sent : 6
motion_server: 22:16:01 - number of joint positions sent : 6
motion_server: 22:26:44 - Kinematic mode is activated
22:26:44 _controlLoop :INFO- controlLoop started.
motion_server: 22:26:44 - controlLoop started.
22:26:44 startup :INFO- robot started.
motion_server: 22:26:44 - robot started.
22:26:45 setLeftLimbPositionLinear :DEBUG- number of joint positions sent : 6 and duration is 2
motion_server: 22:26:45 - number of joint positions sent : 6 and duration is 2
22:26:45 setRightLimbPositionLinear :DEBUG- number of joint positions sent : 6 and duration is 2
motion_server: 22:26:45 - number of joint positions sent : 6 and duration is 2
22:26:47 setLeftLimbPosition :DEBUG- number of joint positions sent : 6
motion_server: 22:26:47 - number of joint positions sent : 6
22:26:47 setRightLimbPosition :DEBUG- number of joint positions sent : 6
motion_server: 22:26:47 - number of joint positions sent : 6
22:26:50 setLeftEEInertialTransform :INFO- IK solve successful
motion_server: 22:26:50 - IK solve successful
22:26:50 setLeftEEInertialTransform :INFO- No collision
motion_server: 22:26:50 - No collision
22:26:50 setLeftLimbPositionLinear :DEBUG- number of joint positions sent : 6 and duration is 1
motion_server: 22:26:50 - number of joint positions sent : 6 and duration is 1
22:26:51 setLeftEEInertialTransform :INFO- IK solve successful
motion_server: 22:26:51 - IK solve successful
22:26:51 setLeftEEInertialTransform :INFO- No collision
motion_server: 22:26:51 - No collision
22:26:51 setLeftLimbPositionLinear :DEBUG- number of joint positions sent : 6 and duration is 1
motion_server: 22:26:51 - number of joint positions sent : 6 and duration is 1
22:26:52 setLeftLimbPosition :DEBUG- number of joint positions sent : 6
motion_server: 22:26:52 - number of joint positions sent : 6
22:26:53 setRightLimbPositionLinear :DEBUG- number of joint positions sent : 6 and duration is 1
motion_server: 22:26:53 - number of joint positions sent : 6 and duration is 1
22:26:54 setRightLimbPosition :DEBUG- number of joint positions sent : 6
motion_server: 22:26:54 - number of joint positions sent : 6
22:26:55 setLeftLimbPositionLinear :DEBUG- number of joint positions sent : 6 and duration is 5
motion_server: 22:26:55 - number of joint positions sent : 6 and duration is 5
22:26:55 setRightLimbPositionLinear :DEBUG- number of joint positions sent : 6 and duration is 5
motion_server: 22:26:55 - number of joint positions sent : 6 and duration is 5
22:27:00 setLeftLimbPosition :DEBUG- number of joint positions sent : 6
motion_server: 22:27:00 - number of joint positions sent : 6
22:27:00 setRightLimbPosition :DEBUG- number of joint positions sent : 6
motion_server: 22:27:00 - number of joint positions sent : 6
motion_server: 22:28:02 - Server Created
motion_server: 22:28:18 - Kinematic mode is activated
22:28:18 _controlLoop :INFO- controlLoop started.
motion_server: 22:28:18 - controlLoop started.
22:28:18 startup :INFO- robot started.
motion_server: 22:28:18 - robot started.
22:28:20 setLeftLimbPositionLinear :DEBUG- number of joint positions sent : 6 and duration is 2
motion_server: 22:28:20 - number of joint positions sent : 6 and duration is 2
22:28:20 setRightLimbPositionLinear :DEBUG- number of joint positions sent : 6 and duration is 2
motion_server: 22:28:20 - number of joint positions sent : 6 and duration is 2
22:28:22 setLeftLimbPosition :DEBUG- number of joint positions sent : 6
motion_server: 22:28:22 - number of joint positions sent : 6
22:28:22 setRightLimbPosition :DEBUG- number of joint positions sent : 6
motion_server: 22:28:22 - number of joint positions sent : 6
22:28:25 setLeftEEInertialTransform :INFO- IK solve successful
motion_server: 22:28:25 - IK solve successful
22:28:25 setLeftEEInertialTransform :INFO- No collision
motion_server: 22:28:25 - No collision
22:28:25 setLeftLimbPositionLinear :DEBUG- number of joint positions sent : 6 and duration is 1
motion_server: 22:28:25 - number of joint positions sent : 6 and duration is 1
22:28:26 setLeftEEInertialTransform :INFO- IK solve successful
motion_server: 22:28:26 - IK solve successful
22:28:26 setLeftEEInertialTransform :INFO- No collision
motion_server: 22:28:26 - No collision
22:28:26 setLeftLimbPositionLinear :DEBUG- number of joint positions sent : 6 and duration is 1
motion_server: 22:28:26 - number of joint positions sent : 6 and duration is 1
22:28:27 setLeftLimbPosition :DEBUG- number of joint positions sent : 6
motion_server: 22:28:27 - number of joint positions sent : 6
22:28:48 setLeftEEInertialTransform :INFO- IK solve successful
motion_server: 22:28:48 - IK solve successful
22:28:48 setLeftEEInertialTransform :INFO- No collision
motion_server: 22:28:48 - No collision
22:28:48 setLeftLimbPositionLinear :DEBUG- number of joint positions sent : 6 and duration is 1
motion_server: 22:28:48 - number of joint positions sent : 6 and duration is 1
22:28:49 setLeftLimbPosition :DEBUG- number of joint positions sent : 6
motion_server: 22:28:49 - number of joint positions sent : 6
22:28:50 setRightLimbPositionLinear :DEBUG- number of joint positions sent : 6 and duration is 1
motion_server: 22:28:50 - number of joint positions sent : 6 and duration is 1
22:28:51 setRightLimbPosition :DEBUG- number of joint positions sent : 6
motion_server: 22:28:51 - number of joint positions sent : 6
22:28:52 setLeftLimbPositionLinear :DEBUG- number of joint positions sent : 6 and duration is 5
motion_server: 22:28:52 - number of joint positions sent : 6 and duration is 5
22:28:52 setRightLimbPositionLinear :DEBUG- number of joint positions sent : 6 and duration is 5
motion_server: 22:28:52 - number of joint positions sent : 6 and duration is 5
22:28:57 setLeftLimbPosition :DEBUG- number of joint positions sent : 6
motion_server: 22:28:57 - number of joint positions sent : 6
22:28:57 setRightLimbPosition :DEBUG- number of joint positions sent : 6
motion_server: 22:28:57 - number of joint positions sent : 6
motion_server: 22:29:40 - Kinematic mode is activated
22:29:40 _controlLoop :INFO- controlLoop started.
motion_server: 22:29:40 - controlLoop started.
22:29:40 startup :INFO- robot started.
motion_server: 22:29:40 - robot started.
22:29:41 setLeftLimbPositionLinear :DEBUG- number of joint positions sent : 6 and duration is 2
motion_server: 22:29:41 - number of joint positions sent : 6 and duration is 2
22:29:41 setRightLimbPositionLinear :DEBUG- number of joint positions sent : 6 and duration is 2
motion_server: 22:29:41 - number of joint positions sent : 6 and duration is 2
22:29:43 setLeftLimbPosition :DEBUG- number of joint positions sent : 6
motion_server: 22:29:43 - number of joint positions sent : 6
22:29:43 setRightLimbPosition :DEBUG- number of joint positions sent : 6
motion_server: 22:29:43 - number of joint positions sent : 6
22:29:46 setLeftEEInertialTransform :INFO- IK solve successful
motion_server: 22:29:46 - IK solve successful
22:29:46 setLeftEEInertialTransform :INFO- No collision
motion_server: 22:29:46 - No collision
22:29:46 setLeftLimbPositionLinear :DEBUG- number of joint positions sent : 6 and duration is 1
motion_server: 22:29:46 - number of joint positions sent : 6 and duration is 1
22:29:47 setLeftEEInertialTransform :INFO- IK solve successful
motion_server: 22:29:47 - IK solve successful
22:29:47 setLeftEEInertialTransform :INFO- No collision
motion_server: 22:29:47 - No collision
22:29:47 setLeftLimbPositionLinear :DEBUG- number of joint positions sent : 6 and duration is 1
motion_server: 22:29:47 - number of joint positions sent : 6 and duration is 1
22:29:48 setLeftLimbPosition :DEBUG- number of joint positions sent : 6
motion_server: 22:29:48 - number of joint positions sent : 6
22:29:49 setRightLimbPositionLinear :DEBUG- number of joint positions sent : 6 and duration is 1
motion_server: 22:29:49 - number of joint positions sent : 6 and duration is 1
22:29:50 setRightLimbPosition :DEBUG- number of joint positions sent : 6
motion_server: 22:29:50 - number of joint positions sent : 6
22:29:57 setLeftLimbPositionLinear :DEBUG- number of joint positions sent : 6 and duration is 5
motion_server: 22:29:57 - number of joint positions sent : 6 and duration is 5
22:29:57 setRightLimbPositionLinear :DEBUG- number of joint positions sent : 6 and duration is 5
motion_server: 22:29:57 - number of joint positions sent : 6 and duration is 5
22:30:02 setLeftLimbPosition :DEBUG- number of joint positions sent : 6
motion_server: 22:30:02 - number of joint positions sent : 6
22:30:02 setRightLimbPosition :DEBUG- number of joint positions sent : 6
motion_server: 22:30:02 - number of joint positions sent : 6
motion_server: 22:41:21 - Kinematic mode is activated
22:41:21 _controlLoop :INFO- controlLoop started.
22:41:21 startup :INFO- robot started.
motion_server: 22:41:21 - controlLoop started.
motion_server: 22:41:21 - robot started.
22:41:23 setLeftLimbPositionLinear :DEBUG- number of joint positions sent : 6 and duration is 2
motion_server: 22:41:23 - number of joint positions sent : 6 and duration is 2
22:41:23 setRightLimbPositionLinear :DEBUG- number of joint positions sent : 6 and duration is 2
motion_server: 22:41:23 - number of joint positions sent : 6 and duration is 2
22:41:25 setLeftLimbPosition :DEBUG- number of joint positions sent : 6
motion_server: 22:41:25 - number of joint positions sent : 6
22:41:25 setRightLimbPosition :DEBUG- number of joint positions sent : 6
motion_server: 22:41:25 - number of joint positions sent : 6
22:41:29 setLeftEEInertialTransform :INFO- IK solve successful
motion_server: 22:41:29 - IK solve successful
22:41:29 setLeftEEInertialTransform :INFO- No collision
motion_server: 22:41:29 - No collision
22:41:29 setLeftLimbPositionLinear :DEBUG- number of joint positions sent : 6 and duration is 1
motion_server: 22:41:29 - number of joint positions sent : 6 and duration is 1
22:41:30 setLeftEEInertialTransform :INFO- IK solve successful
motion_server: 22:41:30 - IK solve successful
22:41:30 setLeftEEInertialTransform :INFO- No collision
motion_server: 22:41:30 - No collision
22:41:30 setLeftLimbPositionLinear :DEBUG- number of joint positions sent : 6 and duration is 1
motion_server: 22:41:30 - number of joint positions sent : 6 and duration is 1
22:41:31 setLeftLimbPosition :DEBUG- number of joint positions sent : 6
motion_server: 22:41:31 - number of joint positions sent : 6
22:41:32 setRightLimbPositionLinear :DEBUG- number of joint positions sent : 6 and duration is 1
motion_server: 22:41:32 - number of joint positions sent : 6 and duration is 1
22:41:33 setRightLimbPosition :DEBUG- number of joint positions sent : 6
motion_server: 22:41:33 - number of joint positions sent : 6
22:41:34 setLeftLimbPositionLinear :DEBUG- number of joint positions sent : 6 and duration is 5
motion_server: 22:41:34 - number of joint positions sent : 6 and duration is 5
22:41:34 setRightLimbPositionLinear :DEBUG- number of joint positions sent : 6 and duration is 5
motion_server: 22:41:34 - number of joint positions sent : 6 and duration is 5
22:41:39 setLeftLimbPosition :DEBUG- number of joint positions sent : 6
motion_server: 22:41:39 - number of joint positions sent : 6
22:41:39 setRightLimbPosition :DEBUG- number of joint positions sent : 6
motion_server: 22:41:39 - number of joint positions sent : 6
motion_server: 22:44:22 - Kinematic mode is activated
22:44:22 _controlLoop :INFO- controlLoop started.
motion_server: 22:44:22 - controlLoop started.
22:44:22 startup :INFO- robot started.
motion_server: 22:44:22 - robot started.
22:44:23 setLeftLimbPositionLinear :DEBUG- number of joint positions sent : 6 and duration is 2
motion_server: 22:44:23 - number of joint positions sent : 6 and duration is 2
22:44:23 setRightLimbPositionLinear :DEBUG- number of joint positions sent : 6 and duration is 2
motion_server: 22:44:23 - number of joint positions sent : 6 and duration is 2
22:44:25 setLeftLimbPosition :DEBUG- number of joint positions sent : 6
motion_server: 22:44:25 - number of joint positions sent : 6
22:44:25 setRightLimbPosition :DEBUG- number of joint positions sent : 6
motion_server: 22:44:25 - number of joint positions sent : 6
22:44:29 setLeftEEInertialTransform :INFO- IK solve successful
motion_server: 22:44:29 - IK solve successful
22:44:29 setLeftEEInertialTransform :INFO- No collision
motion_server: 22:44:29 - No collision
22:44:29 setLeftLimbPositionLinear :DEBUG- number of joint positions sent : 6 and duration is 1
motion_server: 22:44:29 - number of joint positions sent : 6 and duration is 1
22:44:30 setLeftEEInertialTransform :INFO- IK solve successful
motion_server: 22:44:30 - IK solve successful
22:44:30 setLeftEEInertialTransform :INFO- No collision
motion_server: 22:44:30 - No collision
22:44:30 setLeftLimbPosition :DEBUG- number of joint positions sent : 6
motion_server: 22:44:30 - number of joint positions sent : 6
22:44:30 setLeftLimbPositionLinear :DEBUG- number of joint positions sent : 6 and duration is 1
motion_server: 22:44:30 - number of joint positions sent : 6 and duration is 1
22:44:31 setLeftLimbPosition :DEBUG- number of joint positions sent : 6
motion_server: 22:44:31 - number of joint positions sent : 6
22:44:32 setRightLimbPositionLinear :DEBUG- number of joint positions sent : 6 and duration is 1
motion_server: 22:44:32 - number of joint positions sent : 6 and duration is 1
22:44:33 setRightLimbPosition :DEBUG- number of joint positions sent : 6
motion_server: 22:44:33 - number of joint positions sent : 6
22:44:34 setLeftLimbPositionLinear :DEBUG- number of joint positions sent : 6 and duration is 5
motion_server: 22:44:34 - number of joint positions sent : 6 and duration is 5
22:44:34 setRightLimbPositionLinear :DEBUG- number of joint positions sent : 6 and duration is 5
motion_server: 22:44:34 - number of joint positions sent : 6 and duration is 5
22:44:39 setLeftLimbPosition :DEBUG- number of joint positions sent : 6
motion_server: 22:44:39 - number of joint positions sent : 6
22:44:39 setRightLimbPosition :DEBUG- number of joint positions sent : 6
motion_server: 22:44:39 - number of joint positions sent : 6
